Loading plugins phase: Elapsed time ==> 0s.129ms
<CYPRESSTAG name="CyDsfit arguments...">
cydsfit arguments: -.fdsnotice -.fdswarpdepfile=warp_dependencies.txt -.fdselabdepfile=elab_dependencies.txt -.fdsbldfile=generated_files.txt -.fdsreffile=referenced_files.txt -p C:\Users\Admin\Desktop\lab-project\Final-Project\Oscilloscope.cydsn\Oscilloscope.cyprj -d CY8C5888LTI-LP097 -s C:\Users\Admin\Desktop\lab-project\Final-Project\Oscilloscope.cydsn\Generated_Source\PSoC5 -- -yv2 -q10 -ygs -o2 -v3 -.fftcfgtype=LE
</CYPRESSTAG>
<CYPRESSTAG name="Design elaboration results...">
</CYPRESSTAG>
Elaboration phase: Elapsed time ==> 2s.100ms
<CYPRESSTAG name="HDL generation results...">
</CYPRESSTAG>
HDL generation phase: Elapsed time ==> 0s.085ms
<CYPRESSTAG name="Synthesis results...">

     | | | | | | |
   _________________
  -|               |-
  -|               |-
  -|               |-
  -|    CYPRESS    |-
  -|               |-
  -|               |-   Warp Verilog Synthesis Compiler: Version 6.3 IR 41
  -|               |-   Copyright (C) 1991-2001 Cypress Semiconductor
   |_______________|
     | | | | | | |

======================================================================
Compiling:  Oscilloscope.v
Program  :   C:\Program Files (x86)\Cypress\PSoC Creator\4.2\PSoC Creator\warp\bin\warp.exe
Options  :    -yv2 -q10 -ygs -o2 -v3 -.fftcfgtype=LE -ya -.fftprj=C:\Users\Admin\Desktop\lab-project\Final-Project\Oscilloscope.cydsn\Oscilloscope.cyprj -dcpsoc3 Oscilloscope.v -verilog
======================================================================

======================================================================
Compiling:  Oscilloscope.v
Program  :   C:\Program Files (x86)\Cypress\PSoC Creator\4.2\PSoC Creator\warp\bin\warp.exe
Options  :    -yv2 -q10 -ygs -o2 -v3 -.fftcfgtype=LE -ya -.fftprj=C:\Users\Admin\Desktop\lab-project\Final-Project\Oscilloscope.cydsn\Oscilloscope.cyprj -dcpsoc3 Oscilloscope.v -verilog
======================================================================

======================================================================
Compiling:  Oscilloscope.v
Program  :   vlogfe
Options  :    -yv2 -q10 -ygs -o2 -v3 -.fftcfgtype=LE -ya -.fftprj=C:\Users\Admin\Desktop\lab-project\Final-Project\Oscilloscope.cydsn\Oscilloscope.cyprj -dcpsoc3 -verilog Oscilloscope.v
======================================================================

vlogfe V6.3 IR 41:  Verilog parser
Wed Jun 06 22:21:31 2018


======================================================================
Compiling:  Oscilloscope.v
Program  :   vpp
Options  :    -yv2 -q10 Oscilloscope.v
======================================================================

vpp V6.3 IR 41:  Verilog Pre-Processor
Wed Jun 06 22:21:31 2018

Flattening file 'C:\Program Files (x86)\Cypress\PSoC Creator\4.2\PSoC Creator\psoc\content\CyPrimitives\cyprimitives.cylib\cy_virtualmux_v1_0\cy_virtualmux_v1_0.v'
Flattening file 'C:\Program Files (x86)\Cypress\PSoC Creator\4.2\PSoC Creator\psoc\content\CyPrimitives\cyprimitives.cylib\ZeroTerminal\ZeroTerminal.v'
Flattening file 'C:\Program Files (x86)\Cypress\PSoC Creator\4.2\PSoC Creator\psoc\content\CyPrimitives\cyprimitives.cylib\cy_analog_virtualmux_v1_0\cy_analog_virtualmux_v1_0.v'
Flattening file 'C:\Program Files (x86)\Cypress\PSoC Creator\4.2\PSoC Creator\psoc\content\CyPrimitives\cyprimitives.cylib\cy_vref_v1_70\cy_vref_v1_70.v'
Flattening file 'C:\Program Files (x86)\Cypress\PSoC Creator\4.2\PSoC Creator\psoc\content\CyPrimitives\cyprimitives.cylib\or_v1_0\or_v1_0.v'
Flattening file 'C:\Program Files (x86)\Cypress\PSoC Creator\4.2\PSoC Creator\psoc\content\CyPrimitives\cyprimitives.cylib\cy_constant_v1_0\cy_constant_v1_0.v'
Flattening file 'C:\Program Files (x86)\Cypress\PSoC Creator\4.2\PSoC Creator\psoc\content\CyComponentLibrary\CyComponentLibrary.cylib\AMux_v1_80\AMux_v1_80.v'
Flattening file 'C:\Program Files (x86)\Cypress\PSoC Creator\4.2\PSoC Creator\warp\lib\common\cypress.v'
Flattening file 'C:\Program Files (x86)\Cypress\PSoC Creator\4.2\PSoC Creator\warp\lib\common\cy_psoc3_inc.v'
Flattening file 'C:\Program Files (x86)\Cypress\PSoC Creator\4.2\PSoC Creator\psoc\content\CyComponentLibrary\CyComponentLibrary.cylib\B_Timer_v2_80\B_Timer_v2_80.v'
Flattening file 'C:\Program Files (x86)\Cypress\PSoC Creator\4.2\PSoC Creator\warp\lib\common\cypress.v'
Flattening file 'C:\Program Files (x86)\Cypress\PSoC Creator\4.2\PSoC Creator\psoc\content\CyPrimitives\cyprimitives.cylib\OneTerminal\OneTerminal.v'

vpp:  No errors.

Library 'work' => directory 'lcpsoc3'
General_symbol_table
General_symbol_table
Linking 'C:\Program Files (x86)\Cypress\PSoC Creator\4.2\PSoC Creator\warp\lib\common\std.vhd'.
Linking 'C:\Program Files (x86)\Cypress\PSoC Creator\4.2\PSoC Creator\warp\lib\common\cypress.vhd'.
Linking 'C:\Program Files (x86)\Cypress\PSoC Creator\4.2\PSoC Creator\warp\lib\common\work\cypress.vif'.
Linking 'C:\Program Files (x86)\Cypress\PSoC Creator\4.2\PSoC Creator\warp\lib\ieee\work\stdlogic.vif'.
Linking 'C:\Program Files (x86)\Cypress\PSoC Creator\4.2\PSoC Creator\warp\lib\common\stdlogic\lpmpkg.vif'.
Linking 'C:\Program Files (x86)\Cypress\PSoC Creator\4.2\PSoC Creator\warp\lib\common\stdlogic\rtlpkg.vif'.
Linking 'C:\Program Files (x86)\Cypress\PSoC Creator\4.2\PSoC Creator\warp\lib\common\stdlogic\mod_cnst.vif'.
Linking 'C:\Program Files (x86)\Cypress\PSoC Creator\4.2\PSoC Creator\warp\lib\common\stdlogic\mod_mthv.vif'.
Linking 'C:\Program Files (x86)\Cypress\PSoC Creator\4.2\PSoC Creator\warp\lib\common\stdlogic\mod_genv.vif'.
Using control file 'Oscilloscope.ctl'.
C:\Program Files (x86)\Cypress\PSoC Creator\4.2\PSoC Creator\psoc\content\CyComponentLibrary\CyComponentLibrary.cylib\B_Timer_v2_80\B_Timer_v2_80.v (line 368, col 46):  Note: Substituting module 'cmp_vv_vv' for '='.
C:\Program Files (x86)\Cypress\PSoC Creator\4.2\PSoC Creator\psoc\content\CyComponentLibrary\CyComponentLibrary.cylib\B_Timer_v2_80\B_Timer_v2_80.v (line 374, col 62):  Note: Substituting module 'add_vv_vv' for '+'.
Linking 'C:\Program Files (x86)\Cypress\PSoC Creator\4.2\PSoC Creator\warp\lib\common\stdlogic\cy_psoc3pkg.vif'.
Linking 'C:\Program Files (x86)\Cypress\PSoC Creator\4.2\PSoC Creator\warp\lib\common\stdlogic\cy_psoc3.vif'.

vlogfe:  No errors.


======================================================================
Compiling:  Oscilloscope.v
Program  :   tovif
Options  :    -yv2 -q10 -ygs -o2 -v3 -.fftcfgtype=LE -ya -.fftprj=C:\Users\Admin\Desktop\lab-project\Final-Project\Oscilloscope.cydsn\Oscilloscope.cyprj -dcpsoc3 -verilog Oscilloscope.v
======================================================================

tovif V6.3 IR 41:  High-level synthesis
Wed Jun 06 22:21:31 2018

Linking 'C:\Program Files (x86)\Cypress\PSoC Creator\4.2\PSoC Creator\warp\lib\common\std.vhd'.
Linking 'C:\Program Files (x86)\Cypress\PSoC Creator\4.2\PSoC Creator\warp\lib\common\cypress.vhd'.
Linking 'C:\Program Files (x86)\Cypress\PSoC Creator\4.2\PSoC Creator\warp\lib\common\work\cypress.vif'.
Linking 'C:\Program Files (x86)\Cypress\PSoC Creator\4.2\PSoC Creator\warp\lib\ieee\work\stdlogic.vif'.
Linking 'C:\Program Files (x86)\Cypress\PSoC Creator\4.2\PSoC Creator\warp\lib\common\stdlogic\lpmpkg.vif'.
Linking 'C:\Program Files (x86)\Cypress\PSoC Creator\4.2\PSoC Creator\warp\lib\common\stdlogic\rtlpkg.vif'.
Linking 'C:\Program Files (x86)\Cypress\PSoC Creator\4.2\PSoC Creator\warp\lib\common\stdlogic\mod_cnst.vif'.
Linking 'C:\Program Files (x86)\Cypress\PSoC Creator\4.2\PSoC Creator\warp\lib\common\stdlogic\mod_mthv.vif'.
Linking 'C:\Program Files (x86)\Cypress\PSoC Creator\4.2\PSoC Creator\warp\lib\common\stdlogic\mod_genv.vif'.
Linking 'C:\Users\Admin\Desktop\lab-project\Final-Project\Oscilloscope.cydsn\codegentemp\Oscilloscope.ctl'.
Linking 'C:\Program Files (x86)\Cypress\PSoC Creator\4.2\PSoC Creator\psoc\content\CyPrimitives\cyprimitives.cylib\cy_virtualmux_v1_0\cy_virtualmux_v1_0.v'.
Linking 'C:\Users\Admin\Desktop\lab-project\Final-Project\Oscilloscope.cydsn\codegentemp\Oscilloscope.v'.
Linking 'C:\Program Files (x86)\Cypress\PSoC Creator\4.2\PSoC Creator\psoc\content\CyPrimitives\cyprimitives.cylib\ZeroTerminal\ZeroTerminal.v'.
Linking 'C:\Program Files (x86)\Cypress\PSoC Creator\4.2\PSoC Creator\psoc\content\CyPrimitives\cyprimitives.cylib\cy_analog_virtualmux_v1_0\cy_analog_virtualmux_v1_0.v'.
Linking 'C:\Program Files (x86)\Cypress\PSoC Creator\4.2\PSoC Creator\psoc\content\CyPrimitives\cyprimitives.cylib\cy_vref_v1_70\cy_vref_v1_70.v'.
Linking 'C:\Program Files (x86)\Cypress\PSoC Creator\4.2\PSoC Creator\psoc\content\CyPrimitives\cyprimitives.cylib\or_v1_0\or_v1_0.v'.
Linking 'C:\Program Files (x86)\Cypress\PSoC Creator\4.2\PSoC Creator\psoc\content\CyPrimitives\cyprimitives.cylib\cy_constant_v1_0\cy_constant_v1_0.v'.
Linking 'C:\Program Files (x86)\Cypress\PSoC Creator\4.2\PSoC Creator\psoc\content\CyComponentLibrary\CyComponentLibrary.cylib\AMux_v1_80\AMux_v1_80.v'.
Linking 'C:\Program Files (x86)\Cypress\PSoC Creator\4.2\PSoC Creator\warp\lib\common\cypress.v'.
Linking 'C:\Program Files (x86)\Cypress\PSoC Creator\4.2\PSoC Creator\warp\lib\common\cy_psoc3_inc.v'.
Linking 'C:\Program Files (x86)\Cypress\PSoC Creator\4.2\PSoC Creator\psoc\content\CyComponentLibrary\CyComponentLibrary.cylib\B_Timer_v2_80\B_Timer_v2_80.v'.
Linking 'C:\Program Files (x86)\Cypress\PSoC Creator\4.2\PSoC Creator\psoc\content\CyPrimitives\cyprimitives.cylib\OneTerminal\OneTerminal.v'.
Linking 'C:\Program Files (x86)\Cypress\PSoC Creator\4.2\PSoC Creator\warp\lib\common\stdlogic\cy_psoc3pkg.vif'.
Linking 'C:\Program Files (x86)\Cypress\PSoC Creator\4.2\PSoC Creator\warp\lib\common\stdlogic\cy_psoc3.vif'.

tovif:  No errors.


======================================================================
Compiling:  Oscilloscope.v
Program  :   topld
Options  :    -yv2 -q10 -ygs -o2 -v3 -.fftcfgtype=LE -ya -.fftprj=C:\Users\Admin\Desktop\lab-project\Final-Project\Oscilloscope.cydsn\Oscilloscope.cyprj -dcpsoc3 -verilog Oscilloscope.v
======================================================================

topld V6.3 IR 41:  Synthesis and optimization
Wed Jun 06 22:21:31 2018

Linking 'C:\Program Files (x86)\Cypress\PSoC Creator\4.2\PSoC Creator\warp\lib\common\std.vhd'.
Linking 'C:\Program Files (x86)\Cypress\PSoC Creator\4.2\PSoC Creator\warp\lib\common\cypress.vhd'.
Linking 'C:\Program Files (x86)\Cypress\PSoC Creator\4.2\PSoC Creator\warp\lib\common\work\cypress.vif'.
Linking 'C:\Program Files (x86)\Cypress\PSoC Creator\4.2\PSoC Creator\warp\lib\ieee\work\stdlogic.vif'.
Linking 'C:\Program Files (x86)\Cypress\PSoC Creator\4.2\PSoC Creator\warp\lib\common\stdlogic\lpmpkg.vif'.
Linking 'C:\Program Files (x86)\Cypress\PSoC Creator\4.2\PSoC Creator\warp\lib\common\stdlogic\rtlpkg.vif'.
Linking 'C:\Program Files (x86)\Cypress\PSoC Creator\4.2\PSoC Creator\warp\lib\common\stdlogic\mod_cnst.vif'.
Linking 'C:\Program Files (x86)\Cypress\PSoC Creator\4.2\PSoC Creator\warp\lib\common\stdlogic\mod_mthv.vif'.
Linking 'C:\Program Files (x86)\Cypress\PSoC Creator\4.2\PSoC Creator\warp\lib\common\stdlogic\mod_genv.vif'.
Linking 'C:\Users\Admin\Desktop\lab-project\Final-Project\Oscilloscope.cydsn\codegentemp\Oscilloscope.ctl'.
Linking 'C:\Program Files (x86)\Cypress\PSoC Creator\4.2\PSoC Creator\psoc\content\CyPrimitives\cyprimitives.cylib\cy_virtualmux_v1_0\cy_virtualmux_v1_0.v'.
Linking 'C:\Users\Admin\Desktop\lab-project\Final-Project\Oscilloscope.cydsn\codegentemp\Oscilloscope.v'.
Linking 'C:\Program Files (x86)\Cypress\PSoC Creator\4.2\PSoC Creator\psoc\content\CyPrimitives\cyprimitives.cylib\ZeroTerminal\ZeroTerminal.v'.
Linking 'C:\Program Files (x86)\Cypress\PSoC Creator\4.2\PSoC Creator\psoc\content\CyPrimitives\cyprimitives.cylib\cy_analog_virtualmux_v1_0\cy_analog_virtualmux_v1_0.v'.
Linking 'C:\Program Files (x86)\Cypress\PSoC Creator\4.2\PSoC Creator\psoc\content\CyPrimitives\cyprimitives.cylib\cy_vref_v1_70\cy_vref_v1_70.v'.
Linking 'C:\Program Files (x86)\Cypress\PSoC Creator\4.2\PSoC Creator\psoc\content\CyPrimitives\cyprimitives.cylib\or_v1_0\or_v1_0.v'.
Linking 'C:\Program Files (x86)\Cypress\PSoC Creator\4.2\PSoC Creator\psoc\content\CyPrimitives\cyprimitives.cylib\cy_constant_v1_0\cy_constant_v1_0.v'.
Linking 'C:\Program Files (x86)\Cypress\PSoC Creator\4.2\PSoC Creator\psoc\content\CyComponentLibrary\CyComponentLibrary.cylib\AMux_v1_80\AMux_v1_80.v'.
Linking 'C:\Program Files (x86)\Cypress\PSoC Creator\4.2\PSoC Creator\warp\lib\common\cypress.v'.
Linking 'C:\Program Files (x86)\Cypress\PSoC Creator\4.2\PSoC Creator\warp\lib\common\cy_psoc3_inc.v'.
Linking 'C:\Program Files (x86)\Cypress\PSoC Creator\4.2\PSoC Creator\psoc\content\CyComponentLibrary\CyComponentLibrary.cylib\B_Timer_v2_80\B_Timer_v2_80.v'.
Linking 'C:\Program Files (x86)\Cypress\PSoC Creator\4.2\PSoC Creator\psoc\content\CyPrimitives\cyprimitives.cylib\OneTerminal\OneTerminal.v'.
Linking 'C:\Program Files (x86)\Cypress\PSoC Creator\4.2\PSoC Creator\warp\lib\common\stdlogic\cy_psoc3pkg.vif'.
Linking 'C:\Program Files (x86)\Cypress\PSoC Creator\4.2\PSoC Creator\warp\lib\common\stdlogic\cy_psoc3.vif'.
Linking 'C:\Program Files (x86)\Cypress\PSoC Creator\4.2\PSoC Creator\warp\lib\lcpsoc3\stdlogic\cpsoc3.vif'.

----------------------------------------------------------
Detecting unused logic.
----------------------------------------------------------
    User names
	\USBFS:dma_complete_0\
	\USBFS:Net_1922\
	\USBFS:dma_complete_1\
	\USBFS:Net_1921\
	\USBFS:dma_complete_2\
	\USBFS:Net_1920\
	\USBFS:dma_complete_3\
	\USBFS:Net_1919\
	\USBFS:dma_complete_4\
	\USBFS:Net_1918\
	\USBFS:dma_complete_5\
	\USBFS:Net_1917\
	\USBFS:dma_complete_6\
	\USBFS:Net_1916\
	\USBFS:dma_complete_7\
	\USBFS:Net_1915\
	\ADC_POT:Net_268\
	\ADC_POT:Net_270\
	\Timer_1:Net_260\
	Net_46
	\Timer_1:TimerUDB:ctrl_ten\
	\Timer_1:TimerUDB:ctrl_cmode_0\
	\Timer_1:TimerUDB:ctrl_tmode_1\
	\Timer_1:TimerUDB:ctrl_tmode_0\
	\Timer_1:TimerUDB:ctrl_ic_1\
	\Timer_1:TimerUDB:ctrl_ic_0\
	Net_50
	\Timer_1:TimerUDB:zeros_3\
	\Timer_1:Net_102\
	\Timer_1:Net_266\


Deleted 30 User equations/components.
Deleted 0 Synthesized equations/components.

------------------------------------------------------
Alias Detection
------------------------------------------------------
Aliasing one to \USBFS:tmpOE__Dm_net_0\
Aliasing \USBFS:tmpOE__Dp_net_0\ to \USBFS:tmpOE__Dm_net_0\
Aliasing \ADC_CH1:vp_ctl_0\ to zero
Aliasing \ADC_CH1:vp_ctl_2\ to zero
Aliasing \ADC_CH1:vn_ctl_1\ to zero
Aliasing \ADC_CH1:vn_ctl_3\ to zero
Aliasing \ADC_CH1:vp_ctl_1\ to zero
Aliasing \ADC_CH1:vp_ctl_3\ to zero
Aliasing \ADC_CH1:vn_ctl_0\ to zero
Aliasing \ADC_CH1:vn_ctl_2\ to zero
Aliasing \ADC_CH1:soc\ to zero
Aliasing \ADC_CH1:tmpOE__Bypass_net_0\ to \USBFS:tmpOE__Dm_net_0\
Aliasing \ADC_CH1:Net_383\ to zero
Aliasing tmpOE__Ch1In_net_0 to \USBFS:tmpOE__Dm_net_0\
Aliasing tmpOE__Ch2In_net_0 to \USBFS:tmpOE__Dm_net_0\
Aliasing \ADC_POT:Net_482\ to zero
Aliasing \ADC_POT:Net_252\ to zero
Aliasing \ADC_POT:soc\ to \USBFS:tmpOE__Dm_net_0\
Aliasing tmpOE__Pot1_net_0 to \USBFS:tmpOE__Dm_net_0\
Aliasing tmpOE__Pot2_net_0 to \USBFS:tmpOE__Dm_net_0\
Aliasing Net_45 to zero
Aliasing \Timer_1:TimerUDB:ctrl_cmode_1\ to zero
Aliasing \Timer_1:TimerUDB:trigger_enable\ to \USBFS:tmpOE__Dm_net_0\
Aliasing \Timer_1:TimerUDB:status_6\ to zero
Aliasing \Timer_1:TimerUDB:status_5\ to zero
Aliasing \Timer_1:TimerUDB:status_4\ to zero
Aliasing \Timer_1:TimerUDB:status_0\ to \Timer_1:TimerUDB:tc_i\
Aliasing \ADC_CH2:vp_ctl_0\ to zero
Aliasing \ADC_CH2:vp_ctl_2\ to zero
Aliasing \ADC_CH2:vn_ctl_1\ to zero
Aliasing \ADC_CH2:vn_ctl_3\ to zero
Aliasing \ADC_CH2:vp_ctl_1\ to zero
Aliasing \ADC_CH2:vp_ctl_3\ to zero
Aliasing \ADC_CH2:vn_ctl_0\ to zero
Aliasing \ADC_CH2:vn_ctl_2\ to zero
Aliasing \ADC_CH2:soc\ to zero
Aliasing \ADC_CH2:tmpOE__Bypass_net_0\ to \USBFS:tmpOE__Dm_net_0\
Aliasing \ADC_CH2:Net_383\ to zero
Aliasing \Timer_1:TimerUDB:capture_last\\D\ to zero
Aliasing \Timer_1:TimerUDB:hwEnable_reg\\D\ to \Timer_1:TimerUDB:run_mode\
Aliasing \Timer_1:TimerUDB:capture_out_reg_i\\D\ to \Timer_1:TimerUDB:capt_fifo_load_int\
Removing Rhs of wire one[22] = \USBFS:tmpOE__Dm_net_0\[16]
Removing Lhs of wire \USBFS:tmpOE__Dp_net_0\[25] = one[22]
Removing Lhs of wire \ADC_CH1:vp_ctl_0\[76] = zero[17]
Removing Lhs of wire \ADC_CH1:vp_ctl_2\[77] = zero[17]
Removing Lhs of wire \ADC_CH1:vn_ctl_1\[78] = zero[17]
Removing Lhs of wire \ADC_CH1:vn_ctl_3\[79] = zero[17]
Removing Lhs of wire \ADC_CH1:vp_ctl_1\[80] = zero[17]
Removing Lhs of wire \ADC_CH1:vp_ctl_3\[81] = zero[17]
Removing Lhs of wire \ADC_CH1:vn_ctl_0\[82] = zero[17]
Removing Lhs of wire \ADC_CH1:vn_ctl_2\[83] = zero[17]
Removing Rhs of wire \ADC_CH1:Net_188\[87] = \ADC_CH1:Net_221\[88]
Removing Lhs of wire \ADC_CH1:soc\[94] = zero[17]
Removing Lhs of wire \ADC_CH1:tmpOE__Bypass_net_0\[112] = one[22]
Removing Lhs of wire \ADC_CH1:Net_383\[127] = zero[17]
Removing Lhs of wire tmpOE__Ch1In_net_0[129] = one[22]
Removing Lhs of wire tmpOE__Ch2In_net_0[135] = one[22]
Removing Rhs of wire \ADC_POT:Net_488\[161] = \ADC_POT:Net_250\[197]
Removing Lhs of wire \ADC_POT:Net_481\[164] = zero[17]
Removing Lhs of wire \ADC_POT:Net_482\[165] = zero[17]
Removing Lhs of wire \ADC_POT:Net_252\[199] = zero[17]
Removing Lhs of wire \ADC_POT:soc\[201] = one[22]
Removing Lhs of wire tmpOE__Pot1_net_0[205] = one[22]
Removing Lhs of wire tmpOE__Pot2_net_0[212] = one[22]
Removing Lhs of wire Net_45[221] = zero[17]
Removing Rhs of wire Net_55[225] = \Timer_1:Net_53\[226]
Removing Rhs of wire Net_55[225] = \Timer_1:TimerUDB:tc_reg_i\[258]
Removing Lhs of wire \Timer_1:TimerUDB:ctrl_enable\[240] = \Timer_1:TimerUDB:control_7\[232]
Removing Lhs of wire \Timer_1:TimerUDB:ctrl_cmode_1\[242] = zero[17]
Removing Rhs of wire \Timer_1:TimerUDB:timer_enable\[251] = \Timer_1:TimerUDB:runmode_enable\[263]
Removing Rhs of wire \Timer_1:TimerUDB:run_mode\[252] = \Timer_1:TimerUDB:hwEnable\[253]
Removing Lhs of wire \Timer_1:TimerUDB:run_mode\[252] = \Timer_1:TimerUDB:control_7\[232]
Removing Lhs of wire \Timer_1:TimerUDB:trigger_enable\[255] = one[22]
Removing Lhs of wire \Timer_1:TimerUDB:tc_i\[257] = \Timer_1:TimerUDB:status_tc\[254]
Removing Lhs of wire \Timer_1:TimerUDB:capt_fifo_load_int\[262] = \Timer_1:TimerUDB:capt_fifo_load\[250]
Removing Lhs of wire \Timer_1:TimerUDB:status_6\[265] = zero[17]
Removing Lhs of wire \Timer_1:TimerUDB:status_5\[266] = zero[17]
Removing Lhs of wire \Timer_1:TimerUDB:status_4\[267] = zero[17]
Removing Lhs of wire \Timer_1:TimerUDB:status_0\[268] = \Timer_1:TimerUDB:status_tc\[254]
Removing Lhs of wire \Timer_1:TimerUDB:status_1\[269] = \Timer_1:TimerUDB:capt_fifo_load\[250]
Removing Rhs of wire \Timer_1:TimerUDB:status_2\[270] = \Timer_1:TimerUDB:fifo_full\[271]
Removing Rhs of wire \Timer_1:TimerUDB:status_3\[272] = \Timer_1:TimerUDB:fifo_nempty\[273]
Removing Lhs of wire \Timer_1:TimerUDB:cs_addr_2\[275] = zero[17]
Removing Lhs of wire \Timer_1:TimerUDB:cs_addr_1\[276] = \Timer_1:TimerUDB:trig_reg\[264]
Removing Lhs of wire \Timer_1:TimerUDB:cs_addr_0\[277] = \Timer_1:TimerUDB:per_zero\[256]
Removing Lhs of wire \ADC_CH2:vp_ctl_0\[413] = zero[17]
Removing Lhs of wire \ADC_CH2:vp_ctl_2\[414] = zero[17]
Removing Lhs of wire \ADC_CH2:vn_ctl_1\[415] = zero[17]
Removing Lhs of wire \ADC_CH2:vn_ctl_3\[416] = zero[17]
Removing Lhs of wire \ADC_CH2:vp_ctl_1\[417] = zero[17]
Removing Lhs of wire \ADC_CH2:vp_ctl_3\[418] = zero[17]
Removing Lhs of wire \ADC_CH2:vn_ctl_0\[419] = zero[17]
Removing Lhs of wire \ADC_CH2:vn_ctl_2\[420] = zero[17]
Removing Rhs of wire \ADC_CH2:Net_188\[424] = \ADC_CH2:Net_221\[425]
Removing Lhs of wire \ADC_CH2:soc\[430] = zero[17]
Removing Lhs of wire \ADC_CH2:tmpOE__Bypass_net_0\[448] = one[22]
Removing Lhs of wire \ADC_CH2:Net_383\[463] = zero[17]
Removing Lhs of wire \Timer_1:TimerUDB:capture_last\\D\[464] = zero[17]
Removing Lhs of wire \Timer_1:TimerUDB:tc_reg_i\\D\[465] = \Timer_1:TimerUDB:status_tc\[254]
Removing Lhs of wire \Timer_1:TimerUDB:hwEnable_reg\\D\[466] = \Timer_1:TimerUDB:control_7\[232]
Removing Lhs of wire \Timer_1:TimerUDB:capture_out_reg_i\\D\[467] = \Timer_1:TimerUDB:capt_fifo_load\[250]

------------------------------------------------------
Aliased 0 equations, 60 wires.
------------------------------------------------------

----------------------------------------------------------
Circuit simplification
----------------------------------------------------------

Substituting virtuals - pass 1:

Note:  Expanding virtual equation for 'one' (cost = 0):
one <=  ('1') ;

Note:  Expanding virtual equation for 'zero' (cost = 0):
zero <=  ('0') ;

Note:  Expanding virtual equation for '\Timer_1:TimerUDB:fifo_load_polarized\' (cost = 0):
\Timer_1:TimerUDB:fifo_load_polarized\ <=  ('0') ;

Note:  Expanding virtual equation for '\Timer_1:TimerUDB:timer_enable\' (cost = 0):
\Timer_1:TimerUDB:timer_enable\ <= (\Timer_1:TimerUDB:control_7\);


Substituting virtuals - pass 2:


----------------------------------------------------------
Circuit simplification results:

	Expanded 4 signals.
	Turned 0 signals into soft nodes.
	Maximum default expansion cost was set at 3.
----------------------------------------------------------

------------------------------------------------------
Alias Detection
------------------------------------------------------
Aliasing \Timer_1:TimerUDB:capt_fifo_load\ to zero
Removing Lhs of wire \ADC_CH1:Net_188\[87] = \ADC_CH1:Net_385\[85]
Removing Lhs of wire \Timer_1:TimerUDB:capt_fifo_load\[250] = zero[17]
Removing Lhs of wire \Timer_1:TimerUDB:trig_reg\[264] = \Timer_1:TimerUDB:control_7\[232]
Removing Lhs of wire \ADC_CH2:Net_188\[424] = \ADC_CH2:Net_385\[422]

------------------------------------------------------
Aliased 0 equations, 4 wires.
------------------------------------------------------

----------------------------------------------------------
Circuit simplification
----------------------------------------------------------

Eliminating unused logic - pass 1:


Eliminating unused logic - pass 2:


Substituting virtuals - pass 1:


----------------------------------------------------------
Circuit simplification results:

	Expanded 0 signals.
	Turned 0 signals into soft nodes.
	Maximum default expansion cost was set at 3.
----------------------------------------------------------

topld:  No errors.

CYPRESS_DIR    : C:\Program Files (x86)\Cypress\PSoC Creator\4.2\PSoC Creator\warp
Warp Program   : C:\Program Files (x86)\Cypress\PSoC Creator\4.2\PSoC Creator\warp\bin\warp.exe
Warp Arguments : -yv2 -q10 -ygs -o2 -v3 -.fftcfgtype=LE -ya -.fftprj=C:\Users\Admin\Desktop\lab-project\Final-Project\Oscilloscope.cydsn\Oscilloscope.cyprj -dcpsoc3 Oscilloscope.v -verilog
</CYPRESSTAG>
Warp synthesis phase: Elapsed time ==> 0s.795ms
<CYPRESSTAG name="Fitter results...">
<CYPRESSTAG name="Fitter startup details...">
cyp3fit: V4.2.0.641, Family: PSoC3, Started at: Wednesday, 06 June 2018 22:21:31
Options: -yv2 -q10 -ygs -o2 -v3 -.fftcfgtype=LE -ya -.fftprj=C:\Users\Admin\Desktop\lab-project\Final-Project\Oscilloscope.cydsn\Oscilloscope.cyprj -d CY8C5888LTI-LP097 Oscilloscope.v -verilog
</CYPRESSTAG>
<CYPRESSTAG name="Design parsing">
Design parsing phase: Elapsed time ==> 0s.016ms
</CYPRESSTAG>
<CYPRESSTAG name="Tech Mapping">
<CYPRESSTAG name="Initial Mapping" icon="FILE_RPT_TECHM">
    Converted constant MacroCell: \Timer_1:TimerUDB:capture_last\ from registered to combinatorial
    Converted constant MacroCell: \Timer_1:TimerUDB:capture_out_reg_i\ from registered to combinatorial
Assigning clock timer_clock to clock BUS_CLK because it is a pass-through
<CYPRESSTAG name="Global Clock Selection" icon="FILE_RPT_TECHM">
    Digital Clock 0: Automatic-assigning  clock 'ADC_POT_Ext_CP_Clk'. Fanout=1, Signal=\ADC_POT:Net_93\
    Analog  Clock 0: Automatic-assigning  clock 'ADC_CH1_theACLK'. Fanout=2, Signal=\ADC_CH1:Net_385\
    Analog  Clock 1: Automatic-assigning  clock 'ADC_CH2_theACLK'. Fanout=2, Signal=\ADC_CH2:Net_385\
    Analog  Clock 2: Automatic-assigning  clock 'ADC_POT_theACLK'. Fanout=1, Signal=\ADC_POT:Net_488\
    Digital Clock 1: Automatic-assigning  clock 'Clock_1'. Fanout=2, Signal=Net_17
</CYPRESSTAG>

Removing unused cells resulting from optimization
Done removing unused cells.
<CYPRESSTAG name="UDB Clock/Enable Remapping Results">
    UDB Clk/Enable \Timer_1:TimerUDB:clock_enable_block\: with output requested to be synchronous
        ClockIn: BUS_CLK was determined to be a global clock that is synchronous to BUS_CLK
        EnableIn: Constant 1 was determined to be synchronous to ClockIn
        ClockOut: BUS_CLK, EnableOut: Constant 1
    UDB Clk/Enable \Timer_1:TimerUDB:sCTRLReg:SyncCtl:cy_psoc3_udb_Ctl_Clk_Sync\: with output requested to be synchronous
        ClockIn: BUS_CLK was determined to be a global clock that is synchronous to BUS_CLK
        EnableIn: Constant 1 was determined to be synchronous to ClockIn
        ClockOut: BUS_CLK, EnableOut: Constant 1
</CYPRESSTAG>
ADD: pft.M0040: information: The following 4 pin(s) will be assigned a location by the fitter: \ADC_CH1:Bypass(0)\, \ADC_CH2:Bypass(0)\, \USBFS:Dm(0)\, \USBFS:Dp(0)\


Removing unused cells resulting from optimization
Done removing unused cells.
<CYPRESSTAG name="Duplicate Macrocell detection">
</CYPRESSTAG>
</CYPRESSTAG>
<CYPRESSTAG name="Duplicate Macrocell detection">
</CYPRESSTAG>
<CYPRESSTAG name="Design Equations" icon="FILE_RPT_EQUATION">

------------------------------------------------------------
Design Equations
------------------------------------------------------------
    <CYPRESSTAG name="Pin listing">

    ------------------------------------------------------------
    Pin listing
    ------------------------------------------------------------

    Pin : Name = \USBFS:Dm(0)\
        Attributes:
            In Group/Port: True
            In Sync Option: AUTO
            Out Sync Option: AUTO
            Interrupt generated: False
            Interrupt mode: NONE
            Drive mode: HI_Z_ANALOG
            VTrip: EITHER
            Slew: FAST
            Input Sync needed: False
            Output Sync needed: False
            SC shield enabled: False
            POR State: ANY
            LCD Mode: COMMON
            Register Mode: RegComb
            CaSense Mode: NEITHER
            Treat as pin: True
            Is OE Registered: False
            Uses Analog: True
            Can contain Digital: False
            Is SIO: False
            SIO Output Buf: NONREGULATED
            SIO Input Buf: SINGLE_ENDED
            SIO HiFreq: LOW
            SIO Hyst: DISABLED
            SIO Vtrip: MULTIPLIER_0_5
            SIO Multiplier Index: 0
            SIO RefSel: VCC_IO
            Required Capabilities: USB_D_MINUS
            Initial Value: 0
            IO Voltage: 0
        PORT MAP (
            pa_out => \USBFS:Dm(0)\__PA ,
            analog_term => \USBFS:Net_597\ ,
            pad => \USBFS:Dm(0)_PAD\ );

    Pin : Name = \USBFS:Dp(0)\
        Attributes:
            In Group/Port: True
            In Sync Option: SYNC
            Out Sync Option: AUTO
            Interrupt generated: True
            Interrupt mode: FALLING
            Drive mode: HI_Z_ANALOG
            VTrip: CMOS
            Slew: FAST
            Input Sync needed: True
            Output Sync needed: False
            SC shield enabled: False
            POR State: ANY
            LCD Mode: COMMON
            Register Mode: RegComb
            CaSense Mode: NEITHER
            Treat as pin: False
            Is OE Registered: False
            Uses Analog: True
            Can contain Digital: True
            Is SIO: False
            SIO Output Buf: NONREGULATED
            SIO Input Buf: SINGLE_ENDED
            SIO HiFreq: LOW
            SIO Hyst: DISABLED
            SIO Vtrip: MULTIPLIER_0_5
            SIO Multiplier Index: 0
            SIO RefSel: VCC_IO
            Required Capabilities: USB_D_PLUS
            Initial Value: 1
            IO Voltage: 0
        PORT MAP (
            pa_out => \USBFS:Dp(0)\__PA ,
            analog_term => \USBFS:Net_1000\ ,
            pad => \USBFS:Dp(0)_PAD\ );

    Pin : Name = \ADC_CH1:Bypass(0)\
        Attributes:
            In Group/Port: True
            In Sync Option: AUTO
            Out Sync Option: AUTO
            Interrupt generated: False
            Interrupt mode: NONE
            Drive mode: HI_Z_ANALOG
            VTrip: EITHER
            Slew: FAST
            Input Sync needed: False
            Output Sync needed: False
            SC shield enabled: False
            POR State: ANY
            LCD Mode: COMMON
            Register Mode: RegComb
            CaSense Mode: NEITHER
            Treat as pin: True
            Is OE Registered: False
            Uses Analog: True
            Can contain Digital: False
            Is SIO: False
            SIO Output Buf: NONREGULATED
            SIO Input Buf: SINGLE_ENDED
            SIO HiFreq: LOW
            SIO Hyst: DISABLED
            SIO Vtrip: MULTIPLIER_0_5
            SIO Multiplier Index: 0
            SIO RefSel: VCC_IO
            Required Capabilities: ANALOG
            Initial Value: 0
            IO Voltage: 0
        PORT MAP (
            pa_out => \ADC_CH1:Bypass(0)\__PA ,
            analog_term => \ADC_CH1:Net_210\ ,
            pad => \ADC_CH1:Bypass(0)_PAD\ );

    Pin : Name = Ch1In(0)
        Attributes:
            In Group/Port: True
            In Sync Option: AUTO
            Out Sync Option: AUTO
            Interrupt generated: False
            Interrupt mode: NONE
            Drive mode: HI_Z_ANALOG
            VTrip: EITHER
            Slew: FAST
            Input Sync needed: False
            Output Sync needed: False
            SC shield enabled: False
            POR State: ANY
            LCD Mode: COMMON
            Register Mode: RegComb
            CaSense Mode: NEITHER
            Treat as pin: True
            Is OE Registered: False
            Uses Analog: True
            Can contain Digital: False
            Is SIO: False
            SIO Output Buf: NONREGULATED
            SIO Input Buf: SINGLE_ENDED
            SIO HiFreq: LOW
            SIO Hyst: DISABLED
            SIO Vtrip: MULTIPLIER_0_5
            SIO Multiplier Index: 0
            SIO RefSel: VCC_IO
            Required Capabilities: ANALOG
            Initial Value: 0
            IO Voltage: 0
        PORT MAP (
            pa_out => Ch1In(0)__PA ,
            analog_term => Net_3 ,
            pad => Ch1In(0)_PAD );
        Properties:
        {
        }

    Pin : Name = Ch2In(0)
        Attributes:
            In Group/Port: True
            In Sync Option: AUTO
            Out Sync Option: AUTO
            Interrupt generated: False
            Interrupt mode: NONE
            Drive mode: HI_Z_ANALOG
            VTrip: EITHER
            Slew: FAST
            Input Sync needed: False
            Output Sync needed: False
            SC shield enabled: False
            POR State: ANY
            LCD Mode: COMMON
            Register Mode: RegComb
            CaSense Mode: NEITHER
            Treat as pin: True
            Is OE Registered: False
            Uses Analog: True
            Can contain Digital: False
            Is SIO: False
            SIO Output Buf: NONREGULATED
            SIO Input Buf: SINGLE_ENDED
            SIO HiFreq: LOW
            SIO Hyst: DISABLED
            SIO Vtrip: MULTIPLIER_0_5
            SIO Multiplier Index: 0
            SIO RefSel: VCC_IO
            Required Capabilities: ANALOG
            Initial Value: 0
            IO Voltage: 0
        PORT MAP (
            pa_out => Ch2In(0)__PA ,
            analog_term => Net_10 ,
            pad => Ch2In(0)_PAD );
        Properties:
        {
        }

    Pin : Name = Pot1(0)
        Attributes:
            In Group/Port: True
            In Sync Option: AUTO
            Out Sync Option: AUTO
            Interrupt generated: False
            Interrupt mode: NONE
            Drive mode: HI_Z_ANALOG
            VTrip: EITHER
            Slew: FAST
            Input Sync needed: False
            Output Sync needed: False
            SC shield enabled: False
            POR State: ANY
            LCD Mode: COMMON
            Register Mode: RegComb
            CaSense Mode: NEITHER
            Treat as pin: True
            Is OE Registered: False
            Uses Analog: True
            Can contain Digital: False
            Is SIO: False
            SIO Output Buf: NONREGULATED
            SIO Input Buf: SINGLE_ENDED
            SIO HiFreq: LOW
            SIO Hyst: DISABLED
            SIO Vtrip: MULTIPLIER_0_5
            SIO Multiplier Index: 0
            SIO RefSel: VCC_IO
            Required Capabilities: ANALOG
            Initial Value: 0
            IO Voltage: 0
        PORT MAP (
            pa_out => Pot1(0)__PA ,
            analog_term => Net_38 ,
            pad => Pot1(0)_PAD );
        Properties:
        {
        }

    Pin : Name = Pot2(0)
        Attributes:
            In Group/Port: True
            In Sync Option: AUTO
            Out Sync Option: AUTO
            Interrupt generated: False
            Interrupt mode: NONE
            Drive mode: HI_Z_ANALOG
            VTrip: EITHER
            Slew: FAST
            Input Sync needed: False
            Output Sync needed: False
            SC shield enabled: False
            POR State: ANY
            LCD Mode: COMMON
            Register Mode: RegComb
            CaSense Mode: NEITHER
            Treat as pin: True
            Is OE Registered: False
            Uses Analog: True
            Can contain Digital: False
            Is SIO: False
            SIO Output Buf: NONREGULATED
            SIO Input Buf: SINGLE_ENDED
            SIO HiFreq: LOW
            SIO Hyst: DISABLED
            SIO Vtrip: MULTIPLIER_0_5
            SIO Multiplier Index: 0
            SIO RefSel: VCC_IO
            Required Capabilities: ANALOG
            Initial Value: 0
            IO Voltage: 0
        PORT MAP (
            pa_out => Pot2(0)__PA ,
            analog_term => Net_39 ,
            pad => Pot2(0)_PAD );
        Properties:
        {
        }

    Pin : Name = \ADC_CH2:Bypass(0)\
        Attributes:
            In Group/Port: True
            In Sync Option: AUTO
            Out Sync Option: AUTO
            Interrupt generated: False
            Interrupt mode: NONE
            Drive mode: HI_Z_ANALOG
            VTrip: EITHER
            Slew: FAST
            Input Sync needed: False
            Output Sync needed: False
            SC shield enabled: False
            POR State: ANY
            LCD Mode: COMMON
            Register Mode: RegComb
            CaSense Mode: NEITHER
            Treat as pin: True
            Is OE Registered: False
            Uses Analog: True
            Can contain Digital: False
            Is SIO: False
            SIO Output Buf: NONREGULATED
            SIO Input Buf: SINGLE_ENDED
            SIO HiFreq: LOW
            SIO Hyst: DISABLED
            SIO Vtrip: MULTIPLIER_0_5
            SIO Multiplier Index: 0
            SIO RefSel: VCC_IO
            Required Capabilities: ANALOG
            Initial Value: 0
            IO Voltage: 0
        PORT MAP (
            pa_out => \ADC_CH2:Bypass(0)\__PA ,
            analog_term => \ADC_CH2:Net_210\ ,
            pad => \ADC_CH2:Bypass(0)_PAD\ );
    </CYPRESSTAG>
    <CYPRESSTAG name="Macrocell listing" icon="FILE_RPT_EQUATION">

    ------------------------------------------------------------
    Macrocell listing
    ------------------------------------------------------------

    MacroCell: Name=\Timer_1:TimerUDB:status_tc\, Mode=(Combinatorial)
        Total # of inputs        : 2
        Total # of product terms : 1
            Clock Enable: True
        Main Equation            : 1 pterm
        (
              \Timer_1:TimerUDB:control_7\ * \Timer_1:TimerUDB:per_zero\
        );
        Output = \Timer_1:TimerUDB:status_tc\ (fanout=1)

    MacroCell: Name=__ONE__, Mode=(Combinatorial)
        Total # of inputs        : 0
        Total # of product terms : 0
            Clock Enable: True
        Main Equation            : 0 pterms
        !(
            0
        );
        Output = __ONE__ (fanout=1)

    MacroCell: Name=Net_55, Mode=(D-Register)
        Total # of inputs        : 2
        Total # of product terms : 1
        List of special equations: 
            Clock  = (ClockBlock_BUS_CLK) => Global
            Clock Enable: True
        Main Equation            : 1 pterm
        (
              \Timer_1:TimerUDB:control_7\ * \Timer_1:TimerUDB:per_zero\
        );
        Output = Net_55 (fanout=1)
    </CYPRESSTAG>
    <CYPRESSTAG name="Datapath listing">

    ------------------------------------------------------------
    Datapath listing
    ------------------------------------------------------------

    datapathcell: Name =\Timer_1:TimerUDB:sT24:timerdp:u0\
        PORT MAP (
            clock => ClockBlock_BUS_CLK ,
            cs_addr_1 => \Timer_1:TimerUDB:control_7\ ,
            cs_addr_0 => \Timer_1:TimerUDB:per_zero\ ,
            chain_out => \Timer_1:TimerUDB:sT24:timerdp:carry0\ );
        Properties:
        {
            a0_init = "00000000"
            a1_init = "00000000"
            ce0_sync = 1
            ce1_sync = 1
            cl0_sync = 1
            cl1_sync = 1
            cmsb_sync = 1
            co_msb_sync = 1
            cy_dpconfig = "0000000001000000000000000100000001000000010000000000000010000000000000001000000000000000100000000000000010000000000000001000000011111111000000001111111111111111000000000000000000000001000000000000000000011000"
            d0_init = "00000000"
            d1_init = "00000000"
            f0_blk_sync = 1
            f0_bus_sync = 1
            f1_blk_sync = 1
            f1_bus_sync = 1
            ff0_sync = 1
            ff1_sync = 1
            ov_msb_sync = 1
            so_sync = 1
            z0_sync = 1
            z1_sync = 1
        }
        Clock Polarity: Active High
        Clock Enable: True
        Next in chain : \Timer_1:TimerUDB:sT24:timerdp:u1\

    datapathcell: Name =\Timer_1:TimerUDB:sT24:timerdp:u1\
        PORT MAP (
            clock => ClockBlock_BUS_CLK ,
            cs_addr_1 => \Timer_1:TimerUDB:control_7\ ,
            cs_addr_0 => \Timer_1:TimerUDB:per_zero\ ,
            chain_in => \Timer_1:TimerUDB:sT24:timerdp:carry0\ ,
            chain_out => \Timer_1:TimerUDB:sT24:timerdp:carry1\ );
        Properties:
        {
            a0_init = "00000000"
            a1_init = "00000000"
            ce0_sync = 1
            ce1_sync = 1
            cl0_sync = 1
            cl1_sync = 1
            cmsb_sync = 1
            co_msb_sync = 1
            cy_dpconfig = "0000000001000000000000000100000001000000010000000000000010000000000000001000000000000000100000000000000010000000000000001000000011111111000000001111111111111111100000110000000000000001000000110000000000011000"
            d0_init = "00000000"
            d1_init = "00000000"
            f0_blk_sync = 1
            f0_bus_sync = 1
            f1_blk_sync = 1
            f1_bus_sync = 1
            ff0_sync = 1
            ff1_sync = 1
            ov_msb_sync = 1
            so_sync = 1
            z0_sync = 1
            z1_sync = 1
        }
        Clock Polarity: Active High
        Clock Enable: True
        Previous in chain : \Timer_1:TimerUDB:sT24:timerdp:u0\
        Next in chain : \Timer_1:TimerUDB:sT24:timerdp:u2\

    datapathcell: Name =\Timer_1:TimerUDB:sT24:timerdp:u2\
        PORT MAP (
            clock => ClockBlock_BUS_CLK ,
            cs_addr_1 => \Timer_1:TimerUDB:control_7\ ,
            cs_addr_0 => \Timer_1:TimerUDB:per_zero\ ,
            z0_comb => \Timer_1:TimerUDB:per_zero\ ,
            f0_bus_stat_comb => \Timer_1:TimerUDB:status_3\ ,
            f0_blk_stat_comb => \Timer_1:TimerUDB:status_2\ ,
            chain_in => \Timer_1:TimerUDB:sT24:timerdp:carry1\ );
        Properties:
        {
            a0_init = "00000000"
            a1_init = "00000000"
            ce0_sync = 1
            ce1_sync = 1
            cl0_sync = 1
            cl1_sync = 1
            cmsb_sync = 1
            co_msb_sync = 1
            cy_dpconfig = "0000000001000000000000000100000001000000010000000000000010000000000000001000000000000000100000000000000010000000000000001000000011111111000000001111111111111111100000110000000000000001000000110000000000011000"
            d0_init = "00000000"
            d1_init = "00000000"
            f0_blk_sync = 1
            f0_bus_sync = 1
            f1_blk_sync = 1
            f1_bus_sync = 1
            ff0_sync = 1
            ff1_sync = 1
            ov_msb_sync = 1
            so_sync = 1
            z0_sync = 1
            z1_sync = 1
        }
        Clock Polarity: Active High
        Clock Enable: True
        Previous in chain : \Timer_1:TimerUDB:sT24:timerdp:u1\
    </CYPRESSTAG>
    <CYPRESSTAG name="Status register listing">
    </CYPRESSTAG>
    <CYPRESSTAG name="StatusI register listing">

    ------------------------------------------------------------
    StatusI register listing
    ------------------------------------------------------------

    statusicell: Name =\Timer_1:TimerUDB:rstSts:stsreg\
        PORT MAP (
            clock => ClockBlock_BUS_CLK ,
            status_3 => \Timer_1:TimerUDB:status_3\ ,
            status_2 => \Timer_1:TimerUDB:status_2\ ,
            status_0 => \Timer_1:TimerUDB:status_tc\ );
        Properties:
        {
            cy_force_order = 1
            cy_int_mask = "1111111"
            cy_md_select = "0000011"
        }
        Clock Polarity: Active High
        Clock Enable: True
    </CYPRESSTAG>
    <CYPRESSTAG name="Sync listing">
    </CYPRESSTAG>
    <CYPRESSTAG name="Control register listing">

    ------------------------------------------------------------
    Control register listing
    ------------------------------------------------------------

    controlcell: Name =\Timer_1:TimerUDB:sCTRLReg:SyncCtl:ctrlreg\
        PORT MAP (
            clock => ClockBlock_BUS_CLK ,
            control_7 => \Timer_1:TimerUDB:control_7\ ,
            control_6 => \Timer_1:TimerUDB:control_6\ ,
            control_5 => \Timer_1:TimerUDB:control_5\ ,
            control_4 => \Timer_1:TimerUDB:control_4\ ,
            control_3 => \Timer_1:TimerUDB:control_3\ ,
            control_2 => \Timer_1:TimerUDB:control_2\ ,
            control_1 => \Timer_1:TimerUDB:control_1\ ,
            control_0 => \Timer_1:TimerUDB:control_0\ );
        Properties:
        {
            cy_ctrl_mode_0 = "11111111"
            cy_ctrl_mode_1 = "00000000"
            cy_ext_reset = 0
            cy_force_order = 1
            cy_init_value = "00000000"
        }
        Clock Polarity: Active High
        Clock Enable: True
    </CYPRESSTAG>
    <CYPRESSTAG name="Count7 listing">
    </CYPRESSTAG>
    <CYPRESSTAG name="DRQ listing">

    ------------------------------------------------------------
    DRQ listing
    ------------------------------------------------------------

    drqcell: Name =\USBFS:ep4\
        PORT MAP (
            dmareq => \USBFS:dma_request_3\ ,
            termin => \USBFS:dma_terminate\ ,
            termout => \USBFS:Net_1567\ );
        Properties:
        {
            drq_type = "10"
            num_tds = 0
        }

    drqcell: Name =\USBFS:ep3\
        PORT MAP (
            dmareq => \USBFS:dma_request_2\ ,
            termin => \USBFS:dma_terminate\ ,
            termout => \USBFS:Net_1559\ );
        Properties:
        {
            drq_type = "10"
            num_tds = 0
        }

    drqcell: Name =\USBFS:ep2\
        PORT MAP (
            dmareq => \USBFS:dma_request_1\ ,
            termin => \USBFS:dma_terminate\ ,
            termout => \USBFS:Net_1498\ );
        Properties:
        {
            drq_type = "10"
            num_tds = 0
        }

    drqcell: Name =\USBFS:ep1\
        PORT MAP (
            dmareq => \USBFS:dma_request_0\ ,
            termin => \USBFS:dma_terminate\ ,
            termout => \USBFS:Net_1495\ );
        Properties:
        {
            drq_type = "10"
            num_tds = 0
        }

    drqcell: Name =DMA_1
        PORT MAP (
            dmareq => Net_17_local ,
            termin => zero ,
            termout => Net_19 );
        Properties:
        {
            drq_type = "00"
            num_tds = 0
        }

    drqcell: Name =DMA_2
        PORT MAP (
            dmareq => Net_17_local ,
            termin => zero ,
            termout => Net_22 );
        Properties:
        {
            drq_type = "00"
            num_tds = 0
        }
    </CYPRESSTAG>
    <CYPRESSTAG name="Interrupt listing">

    ------------------------------------------------------------
    Interrupt listing
    ------------------------------------------------------------

    interrupt: Name =\USBFS:dp_int\
        PORT MAP (
            interrupt => \USBFS:Net_1010\ );
        Properties:
        {
            int_type = "10"
            is_nmi = 0
        }

    interrupt: Name =\USBFS:ep_4\
        PORT MAP (
            interrupt => \USBFS:ep_int_4\ );
        Properties:
        {
            int_type = "10"
            is_nmi = 0
        }

    interrupt: Name =\USBFS:ep_3\
        PORT MAP (
            interrupt => \USBFS:ep_int_3\ );
        Properties:
        {
            int_type = "10"
            is_nmi = 0
        }

    interrupt: Name =\USBFS:ep_2\
        PORT MAP (
            interrupt => \USBFS:ep_int_2\ );
        Properties:
        {
            int_type = "10"
            is_nmi = 0
        }

    interrupt: Name =\USBFS:ep_1\
        PORT MAP (
            interrupt => \USBFS:ep_int_1\ );
        Properties:
        {
            int_type = "10"
            is_nmi = 0
        }

    interrupt: Name =\USBFS:ep_0\
        PORT MAP (
            interrupt => \USBFS:ep_int_0\ );
        Properties:
        {
            int_type = "10"
            is_nmi = 0
        }

    interrupt: Name =\USBFS:bus_reset\
        PORT MAP (
            interrupt => \USBFS:Net_1876\ );
        Properties:
        {
            int_type = "10"
            is_nmi = 0
        }

    interrupt: Name =\USBFS:arb_int\
        PORT MAP (
            interrupt => \USBFS:Net_1889\ );
        Properties:
        {
            int_type = "10"
            is_nmi = 0
        }

    interrupt: Name =\ADC_CH1:IRQ\
        PORT MAP (
            interrupt => Net_6 );
        Properties:
        {
            int_type = "10"
            is_nmi = 0
        }

    interrupt: Name =isr_1
        PORT MAP (
            interrupt => Net_19 );
        Properties:
        {
            int_type = "10"
            is_nmi = 0
        }

    interrupt: Name =isr_2
        PORT MAP (
            interrupt => Net_22 );
        Properties:
        {
            int_type = "10"
            is_nmi = 0
        }

    interrupt: Name =\ADC_POT:IRQ\
        PORT MAP (
            interrupt => Net_31 );
        Properties:
        {
            int_type = "10"
            is_nmi = 0
        }

    interrupt: Name =isr_pot
        PORT MAP (
            interrupt => Net_55 );
        Properties:
        {
            int_type = "10"
            is_nmi = 0
        }

    interrupt: Name =\ADC_CH2:IRQ\
        PORT MAP (
            interrupt => Net_62 );
        Properties:
        {
            int_type = "10"
            is_nmi = 0
        }
    </CYPRESSTAG>
</CYPRESSTAG>
<CYPRESSTAG name="Technology mapping summary" expanded>

------------------------------------------------------------
Technology mapping summary
------------------------------------------------------------

Resource Type                 : Used : Free :  Max :  % Used
============================================================
Digital Clocks                :    2 :    6 :    8 : 25.00 %
Analog Clocks                 :    3 :    1 :    4 : 75.00 %
CapSense Buffers              :    0 :    2 :    2 :  0.00 %
Digital Filter Block          :    0 :    1 :    1 :  0.00 %
Interrupts                    :   14 :   18 :   32 : 43.75 %
IO                            :   11 :   37 :   48 : 22.92 %
Segment LCD                   :    0 :    1 :    1 :  0.00 %
CAN 2.0b                      :    0 :    1 :    1 :  0.00 %
I2C                           :    0 :    1 :    1 :  0.00 %
USB                           :    1 :    0 :    1 : 100.00 %
DMA Channels                  :    6 :   18 :   24 : 25.00 %
Timer                         :    0 :    4 :    4 :  0.00 %
UDB                           :      :      :      :        
  Macrocells                  :    3 :  189 :  192 :  1.56 %
  Unique P-terms              :    1 :  383 :  384 :  0.26 %
  Total P-terms               :    2 :      :      :        
  Datapath Cells              :    3 :   21 :   24 : 12.50 %
  Status Cells                :    1 :   23 :   24 :  4.17 %
    StatusI Registers         :    1 :      :      :        
  Control Cells               :    1 :   23 :   24 :  4.17 %
    Control Registers         :    1 :      :      :        
Opamp                         :    0 :    4 :    4 :  0.00 %
Comparator                    :    0 :    4 :    4 :  0.00 %
Delta-Sigma ADC               :    1 :    0 :    1 : 100.00 %
LPF                           :    0 :    2 :    2 :  0.00 %
SAR ADC                       :    2 :    0 :    2 : 100.00 %
Analog (SC/CT) Blocks         :    0 :    4 :    4 :  0.00 %
DAC                           :      :      :      :        
  VIDAC                       :    0 :    4 :    4 :  0.00 %
</CYPRESSTAG>
Technology Mapping: Elapsed time ==> 0s.081ms
Tech Mapping phase: Elapsed time ==> 0s.176ms
</CYPRESSTAG>
<CYPRESSTAG name="Analog Placement">
Info: apr.M0002: Analog signal "\ADC_POT:Net_35\" is connected to one terminal only. (App=cydsfit)
Initial Analog Placement Results:
IO_1@[IOP=(2)][IoId=(1)] : Ch1In(0) (fixed)
IO_2@[IOP=(2)][IoId=(2)] : Ch2In(0) (fixed)
IO_0@[IOP=(3)][IoId=(0)] : Pot1(0) (fixed)
IO_6@[IOP=(0)][IoId=(6)] : Pot2(0) (fixed)
IO_7@[IOP=(15)][IoId=(7)] : \USBFS:Dm(0)\ (fixed)
IO_6@[IOP=(15)][IoId=(6)] : \USBFS:Dp(0)\ (fixed)
SAR[0]@[FFB(SAR,0)] : \ADC_CH1:ADC_SAR\ (SAR-ExtVref)
IO_4@[IOP=(0)][IoId=(4)] : \ADC_CH1:Bypass(0)\ (SAR-ExtVref)
Vref[13]@[FFB(Vref,13)] : \ADC_CH1:vRef_Vdda_1\
SAR[1]@[FFB(SAR,1)] : \ADC_CH2:ADC_SAR\ (SAR-ExtVref)
IO_2@[IOP=(0)][IoId=(2)] : \ADC_CH2:Bypass(0)\ (SAR-ExtVref)
DSM[0]@[FFB(DSM,0)] : \ADC_POT:DSM\
Vref[6]@[FFB(Vref,6)] : \ADC_POT:vRef_2\
USB[0]@[FFB(USB,0)] : \USBFS:USB\
Log: apr.M0058: The analog placement iterative improvement is 91% done. (App=cydsfit)
Analog Placement Results:
IO_1@[IOP=(2)][IoId=(1)] : Ch1In(0) (fixed)
IO_2@[IOP=(2)][IoId=(2)] : Ch2In(0) (fixed)
IO_0@[IOP=(3)][IoId=(0)] : Pot1(0) (fixed)
IO_6@[IOP=(0)][IoId=(6)] : Pot2(0) (fixed)
IO_7@[IOP=(15)][IoId=(7)] : \USBFS:Dm(0)\ (fixed)
IO_6@[IOP=(15)][IoId=(6)] : \USBFS:Dp(0)\ (fixed)
SAR[1]@[FFB(SAR,1)] : \ADC_CH1:ADC_SAR\ (SAR-ExtVref)
IO_2@[IOP=(0)][IoId=(2)] : \ADC_CH1:Bypass(0)\ (SAR-ExtVref)
Vref[13]@[FFB(Vref,13)] : \ADC_CH1:vRef_Vdda_1\
SAR[0]@[FFB(SAR,0)] : \ADC_CH2:ADC_SAR\ (SAR-ExtVref)
IO_4@[IOP=(0)][IoId=(4)] : \ADC_CH2:Bypass(0)\ (SAR-ExtVref)
DSM[0]@[FFB(DSM,0)] : \ADC_POT:DSM\
Vref[6]@[FFB(Vref,6)] : \ADC_POT:vRef_2\
USB[0]@[FFB(USB,0)] : \USBFS:USB\

Analog Placement phase: Elapsed time ==> 0s.754ms
</CYPRESSTAG>
<CYPRESSTAG name="Analog Routing">
Analog Routing phase: Elapsed time ==> 0s.014ms
</CYPRESSTAG>
<CYPRESSTAG name="Analog Code Generation">
============ Analog Final Answer Routes ============
Dump of CyAnalogRoutingResultsDB
Map of net to items {
  Net: Net_28 {
    dsm_0_vplus
  }
  Net: Net_38 {
    p3_0
  }
  Net: Net_39 {
    p0_6
  }
  Net: \ADC_POT:Net_20\ {
    dsm_0_vminus
  }
  Net: \ADC_POT:Net_244\ {
    common_vssa
  }
  Net: \ADC_POT:Net_35\ {
  }
  Net: Net_3 {
    sar_1_vplus
    agr1_x_sar_1_vplus
    agr1
    agl1_x_agr1
    agl1
    agl1_x_p2_1
    p2_1
  }
  Net: Net_10 {
    sar_0_vplus
    agl2_x_sar_0_vplus
    agl2
    agl2_x_p2_2
    p2_2
  }
  Net: \ADC_CH1:Net_126\ {
    sar_1_vrefhi
    sar_1_vminus_x_sar_1_vrefhi
    sar_1_vminus
  }
  Net: \ADC_CH1:Net_210\ {
    p0_2
    p0_2_exvref
  }
  Net: \ADC_CH1:Net_235\ {
    sar_0_vref
    sar_0_vref_x_sar_0_vref_vdda_vdda_2
    sar_0_vref_vdda_vdda_2
    common_sar_vref_vdda/2_x_sar_0_vref_vdda_vdda_2
    common_sar_vref_vdda/2
    common_sar_vref_vdda/2_x_sar_1_vref_vdda_vdda_2
    sar_1_vref_vdda_vdda_2
    sar_1_vref_x_sar_1_vref_vdda_vdda_2
    sar_1_vref
  }
  Net: \ADC_CH2:Net_126\ {
    sar_0_vrefhi
    sar_0_vminus_x_sar_0_vrefhi
    sar_0_vminus
  }
  Net: \ADC_CH2:Net_210\ {
    p0_4
    p0_4_exvref
  }
  Net: \ADC_POT:Net_249\ {
  }
  Net: \ADC_POT:Net_257\ {
  }
  Net: \ADC_POT:Net_109\ {
  }
  Net: \ADC_POT:Net_34\ {
  }
  Net: AmuxNet::Mux {
    dsm_0_vplus
    agl4_x_dsm_0_vplus
    agl4
    agl4_x_agr4
    agr4
    agr4_x_p3_0
    agl6_x_dsm_0_vplus
    agl6
    agl6_x_p0_6
    p3_0
    p0_6
  }
  Net: AmuxNet::\ADC_POT:AMux\ {
    dsm_0_vminus
    dsm_0_vminus_x_dsm_0_vminus_vssa
    dsm_0_vminus_vssa
    common_vssa
  }
}
Map of item to net {
  sar_1_vplus                                      -> Net_3
  agr1_x_sar_1_vplus                               -> Net_3
  agr1                                             -> Net_3
  agl1_x_agr1                                      -> Net_3
  agl1                                             -> Net_3
  agl1_x_p2_1                                      -> Net_3
  p2_1                                             -> Net_3
  sar_0_vplus                                      -> Net_10
  agl2_x_sar_0_vplus                               -> Net_10
  agl2                                             -> Net_10
  agl2_x_p2_2                                      -> Net_10
  p2_2                                             -> Net_10
  sar_1_vrefhi                                     -> \ADC_CH1:Net_126\
  sar_1_vminus_x_sar_1_vrefhi                      -> \ADC_CH1:Net_126\
  sar_1_vminus                                     -> \ADC_CH1:Net_126\
  p0_2                                             -> \ADC_CH1:Net_210\
  p0_2_exvref                                      -> \ADC_CH1:Net_210\
  sar_0_vref                                       -> \ADC_CH1:Net_235\
  sar_0_vref_x_sar_0_vref_vdda_vdda_2              -> \ADC_CH1:Net_235\
  sar_0_vref_vdda_vdda_2                           -> \ADC_CH1:Net_235\
  common_sar_vref_vdda/2_x_sar_0_vref_vdda_vdda_2  -> \ADC_CH1:Net_235\
  common_sar_vref_vdda/2                           -> \ADC_CH1:Net_235\
  common_sar_vref_vdda/2_x_sar_1_vref_vdda_vdda_2  -> \ADC_CH1:Net_235\
  sar_1_vref_vdda_vdda_2                           -> \ADC_CH1:Net_235\
  sar_1_vref_x_sar_1_vref_vdda_vdda_2              -> \ADC_CH1:Net_235\
  sar_1_vref                                       -> \ADC_CH1:Net_235\
  sar_0_vrefhi                                     -> \ADC_CH2:Net_126\
  sar_0_vminus_x_sar_0_vrefhi                      -> \ADC_CH2:Net_126\
  sar_0_vminus                                     -> \ADC_CH2:Net_126\
  p0_4                                             -> \ADC_CH2:Net_210\
  p0_4_exvref                                      -> \ADC_CH2:Net_210\
  dsm_0_vplus                                      -> Net_28
  p3_0                                             -> Net_38
  p0_6                                             -> Net_39
  dsm_0_vminus                                     -> \ADC_POT:Net_20\
  common_vssa                                      -> \ADC_POT:Net_244\
  agl4_x_dsm_0_vplus                               -> AmuxNet::Mux
  agl4                                             -> AmuxNet::Mux
  agl4_x_agr4                                      -> AmuxNet::Mux
  agr4                                             -> AmuxNet::Mux
  agr4_x_p3_0                                      -> AmuxNet::Mux
  agl6_x_dsm_0_vplus                               -> AmuxNet::Mux
  agl6                                             -> AmuxNet::Mux
  agl6_x_p0_6                                      -> AmuxNet::Mux
  dsm_0_vminus_x_dsm_0_vminus_vssa                 -> AmuxNet::\ADC_POT:AMux\
  dsm_0_vminus_vssa                                -> AmuxNet::\ADC_POT:AMux\
}
Mux Info {
  Mux: Mux {
     Mouth: Net_28
     Guts:  AmuxNet::Mux
     IsSingleSwitching: False
     IsStaticSwitching: True
     IsAtMostOneSwitch: False
    Arm: 0 {
      Net:   Net_38
      Outer: agr4_x_p3_0
      Inner: agl4_x_dsm_0_vplus
      Path {
        p3_0
        agr4_x_p3_0
        agr4
        agl4_x_agr4
        agl4
        agl4_x_dsm_0_vplus
        dsm_0_vplus
      }
    }
    Arm: 1 {
      Net:   Net_39
      Outer: agl6_x_p0_6
      Inner: agl6_x_dsm_0_vplus
      Path {
        p0_6
        agl6_x_p0_6
        agl6
        agl6_x_dsm_0_vplus
        dsm_0_vplus
      }
    }
  }
  Mux: \ADC_POT:AMux\ {
     Mouth: \ADC_POT:Net_20\
     Guts:  AmuxNet::\ADC_POT:AMux\
     IsSingleSwitching: False
     IsStaticSwitching: True
     IsAtMostOneSwitch: False
    Arm: 0 {
      Net:   \ADC_POT:Net_244\
      Outer: dsm_0_vminus_x_dsm_0_vminus_vssa
      Inner: __open__
      Path {
        common_vssa
        dsm_0_vminus_vssa
        dsm_0_vminus_x_dsm_0_vminus_vssa
        dsm_0_vminus
      }
    }
    Arm: 1 {
      Net:   \ADC_POT:Net_35\
      Outer: __open__
      Inner: __open__
      Path {
      }
    }
  }
}
Dump of CyP35AnalogRoutingResultsDB
IsVddaHalfUsedForComp = False
IsVddaHalfUsedForSar0 = True
IsVddaHalfUsedForSar1 = True
Analog Code Generation phase: Elapsed time ==> 0s.278ms
</CYPRESSTAG>
<CYPRESSTAG name="Digital Placement">
<CYPRESSTAG name="Detailed placement messages">
I2076: Total run-time: 0.7 sec.

</CYPRESSTAG>
<CYPRESSTAG name="PLD Packing">
<CYPRESSTAG name="PLD Packing Summary" expanded>

------------------------------------------------------------
PLD Packing Summary
------------------------------------------------------------
            Resource Type : Used : Free :  Max :  % Used
    ====================================================
                     PLDs :    2 :   46 :   48 :   4.17%

<CYPRESSTAG name="PLD Statistics">

        PLD Resource Type :     Average/LAB
    =======================================
                   Inputs :            1.00
                   Pterms :            0.50
               Macrocells :            1.50
</CYPRESSTAG>
<CYPRESSTAG name="Packed PLD Contents">
Packed PLD Contents not displayed at this verbose level.</CYPRESSTAG>
</CYPRESSTAG>
PLD Packing: Elapsed time ==> 0s.002ms
</CYPRESSTAG>
<CYPRESSTAG name="Partitioning">
<CYPRESSTAG name="Initial Partitioning Summary">
Initial Partitioning Summary not displayed at this verbose level.</CYPRESSTAG>
<CYPRESSTAG name="Final Partitioning Summary">
Final Partitioning Summary not displayed at this verbose level.</CYPRESSTAG>
Partitioning: Elapsed time ==> 0s.052ms
</CYPRESSTAG>
<CYPRESSTAG name="Final Placement Summary">

------------------------------------------------------------
Final Placement Summary
------------------------------------------------------------

       Resource Type :      Count : Avg Inputs : Avg Outputs
    ========================================================
                 UDB :          4 :       0.50 :       0.75
<CYPRESSTAG name="Final Placement Details">
<CYPRESSTAG name="Component Details">

------------------------------------------------------------
Component Placement Details
------------------------------------------------------------
UDB [UDB=(0,0)] is empty.
UDB [UDB=(0,1)] is empty.
UDB [UDB=(0,2)] is empty.
UDB [UDB=(0,3)] contents:
datapathcell: Name =\Timer_1:TimerUDB:sT24:timerdp:u0\
    PORT MAP (
        clock => ClockBlock_BUS_CLK ,
        cs_addr_1 => \Timer_1:TimerUDB:control_7\ ,
        cs_addr_0 => \Timer_1:TimerUDB:per_zero\ ,
        chain_out => \Timer_1:TimerUDB:sT24:timerdp:carry0\ );
    Properties:
    {
        a0_init = "00000000"
        a1_init = "00000000"
        ce0_sync = 1
        ce1_sync = 1
        cl0_sync = 1
        cl1_sync = 1
        cmsb_sync = 1
        co_msb_sync = 1
        cy_dpconfig = "0000000001000000000000000100000001000000010000000000000010000000000000001000000000000000100000000000000010000000000000001000000011111111000000001111111111111111000000000000000000000001000000000000000000011000"
        d0_init = "00000000"
        d1_init = "00000000"
        f0_blk_sync = 1
        f0_bus_sync = 1
        f1_blk_sync = 1
        f1_bus_sync = 1
        ff0_sync = 1
        ff1_sync = 1
        ov_msb_sync = 1
        so_sync = 1
        z0_sync = 1
        z1_sync = 1
    }
    Clock Polarity: Active High
    Clock Enable: True
    Next in chain : \Timer_1:TimerUDB:sT24:timerdp:u1\

controlcell: Name =\Timer_1:TimerUDB:sCTRLReg:SyncCtl:ctrlreg\
    PORT MAP (
        clock => ClockBlock_BUS_CLK ,
        control_7 => \Timer_1:TimerUDB:control_7\ ,
        control_6 => \Timer_1:TimerUDB:control_6\ ,
        control_5 => \Timer_1:TimerUDB:control_5\ ,
        control_4 => \Timer_1:TimerUDB:control_4\ ,
        control_3 => \Timer_1:TimerUDB:control_3\ ,
        control_2 => \Timer_1:TimerUDB:control_2\ ,
        control_1 => \Timer_1:TimerUDB:control_1\ ,
        control_0 => \Timer_1:TimerUDB:control_0\ );
    Properties:
    {
        cy_ctrl_mode_0 = "11111111"
        cy_ctrl_mode_1 = "00000000"
        cy_ext_reset = 0
        cy_force_order = 1
        cy_init_value = "00000000"
    }
    Clock Polarity: Active High
    Clock Enable: True

UDB [UDB=(0,4)] is empty.
UDB [UDB=(0,5)] is empty.
UDB [UDB=(1,0)] is empty.
UDB [UDB=(1,1)] is empty.
UDB [UDB=(1,2)] is empty.
UDB [UDB=(1,3)] contents:
datapathcell: Name =\Timer_1:TimerUDB:sT24:timerdp:u1\
    PORT MAP (
        clock => ClockBlock_BUS_CLK ,
        cs_addr_1 => \Timer_1:TimerUDB:control_7\ ,
        cs_addr_0 => \Timer_1:TimerUDB:per_zero\ ,
        chain_in => \Timer_1:TimerUDB:sT24:timerdp:carry0\ ,
        chain_out => \Timer_1:TimerUDB:sT24:timerdp:carry1\ );
    Properties:
    {
        a0_init = "00000000"
        a1_init = "00000000"
        ce0_sync = 1
        ce1_sync = 1
        cl0_sync = 1
        cl1_sync = 1
        cmsb_sync = 1
        co_msb_sync = 1
        cy_dpconfig = "0000000001000000000000000100000001000000010000000000000010000000000000001000000000000000100000000000000010000000000000001000000011111111000000001111111111111111100000110000000000000001000000110000000000011000"
        d0_init = "00000000"
        d1_init = "00000000"
        f0_blk_sync = 1
        f0_bus_sync = 1
        f1_blk_sync = 1
        f1_bus_sync = 1
        ff0_sync = 1
        ff1_sync = 1
        ov_msb_sync = 1
        so_sync = 1
        z0_sync = 1
        z1_sync = 1
    }
    Clock Polarity: Active High
    Clock Enable: True
    Previous in chain : \Timer_1:TimerUDB:sT24:timerdp:u0\
    Next in chain : \Timer_1:TimerUDB:sT24:timerdp:u2\

UDB [UDB=(1,4)] contents:
LAB@[UDB=(1,4)][LB=0] #macrocells=2, #inputs=2, #pterms=1
{
    [McSlotId=0]:     MacroCell: Name=Net_55, Mode=(D-Register) @ [UDB=(1,4)][LB=0][MC=0]
        Total # of inputs        : 2
        Total # of product terms : 1
        List of special equations: 
            Clock  = (ClockBlock_BUS_CLK) => Global
            Clock Enable: True
        Main Equation            : 1 pterm
        (
              \Timer_1:TimerUDB:control_7\ * \Timer_1:TimerUDB:per_zero\
        );
        Output = Net_55 (fanout=1)
        Properties               : 
        {
        }

    [McSlotId=1]:     MacroCell: Name=\Timer_1:TimerUDB:status_tc\, Mode=(Combinatorial) @ [UDB=(1,4)][LB=0][MC=1]
        Total # of inputs        : 2
        Total # of product terms : 1
            Clock Enable: True
        Main Equation            : 1 pterm
        (
              \Timer_1:TimerUDB:control_7\ * \Timer_1:TimerUDB:per_zero\
        );
        Output = \Timer_1:TimerUDB:status_tc\ (fanout=1)
        Properties               : 
        {
        }

    [McSlotId=2]: (empty)
    [McSlotId=3]: (empty)
}

datapathcell: Name =\Timer_1:TimerUDB:sT24:timerdp:u2\
    PORT MAP (
        clock => ClockBlock_BUS_CLK ,
        cs_addr_1 => \Timer_1:TimerUDB:control_7\ ,
        cs_addr_0 => \Timer_1:TimerUDB:per_zero\ ,
        z0_comb => \Timer_1:TimerUDB:per_zero\ ,
        f0_bus_stat_comb => \Timer_1:TimerUDB:status_3\ ,
        f0_blk_stat_comb => \Timer_1:TimerUDB:status_2\ ,
        chain_in => \Timer_1:TimerUDB:sT24:timerdp:carry1\ );
    Properties:
    {
        a0_init = "00000000"
        a1_init = "00000000"
        ce0_sync = 1
        ce1_sync = 1
        cl0_sync = 1
        cl1_sync = 1
        cmsb_sync = 1
        co_msb_sync = 1
        cy_dpconfig = "0000000001000000000000000100000001000000010000000000000010000000000000001000000000000000100000000000000010000000000000001000000011111111000000001111111111111111100000110000000000000001000000110000000000011000"
        d0_init = "00000000"
        d1_init = "00000000"
        f0_blk_sync = 1
        f0_bus_sync = 1
        f1_blk_sync = 1
        f1_bus_sync = 1
        ff0_sync = 1
        ff1_sync = 1
        ov_msb_sync = 1
        so_sync = 1
        z0_sync = 1
        z1_sync = 1
    }
    Clock Polarity: Active High
    Clock Enable: True
    Previous in chain : \Timer_1:TimerUDB:sT24:timerdp:u1\

statusicell: Name =\Timer_1:TimerUDB:rstSts:stsreg\
    PORT MAP (
        clock => ClockBlock_BUS_CLK ,
        status_3 => \Timer_1:TimerUDB:status_3\ ,
        status_2 => \Timer_1:TimerUDB:status_2\ ,
        status_0 => \Timer_1:TimerUDB:status_tc\ );
    Properties:
    {
        cy_force_order = 1
        cy_int_mask = "1111111"
        cy_md_select = "0000011"
    }
    Clock Polarity: Active High
    Clock Enable: True

UDB [UDB=(1,5)] is empty.
UDB [UDB=(2,0)] is empty.
UDB [UDB=(2,1)] is empty.
UDB [UDB=(2,2)] is empty.
UDB [UDB=(2,3)] contents:
LAB@[UDB=(2,3)][LB=0] #macrocells=1, #inputs=0, #pterms=0
{
    [McSlotId=0]:     MacroCell: Name=__ONE__, Mode=(Combinatorial) @ [UDB=(2,3)][LB=0][MC=0]
        Total # of inputs        : 0
        Total # of product terms : 0
            Clock Enable: True
        Main Equation            : 0 pterms
        !(
            0
        );
        Output = __ONE__ (fanout=1)
        Properties               : 
        {
        }

    [McSlotId=1]: (empty)
    [McSlotId=2]: (empty)
    [McSlotId=3]: (empty)
}

UDB [UDB=(2,4)] is empty.
UDB [UDB=(2,5)] is empty.
UDB [UDB=(3,0)] is empty.
UDB [UDB=(3,1)] is empty.
UDB [UDB=(3,2)] is empty.
UDB [UDB=(3,3)] is empty.
UDB [UDB=(3,4)] is empty.
UDB [UDB=(3,5)] is empty.
Intr container @ [IntrContainer=(0)]: 
  Intr@ [IntrContainer=(0)][IntrId=(0)] 
    interrupt: Name =\ADC_CH1:IRQ\
        PORT MAP (
            interrupt => Net_6 );
        Properties:
        {
            int_type = "10"
            is_nmi = 0
        }
  Intr@ [IntrContainer=(0)][IntrId=(1)] 
    interrupt: Name =\ADC_CH2:IRQ\
        PORT MAP (
            interrupt => Net_62 );
        Properties:
        {
            int_type = "10"
            is_nmi = 0
        }
  Intr@ [IntrContainer=(0)][IntrId=(2)] 
    interrupt: Name =\USBFS:ep_1\
        PORT MAP (
            interrupt => \USBFS:ep_int_1\ );
        Properties:
        {
            int_type = "10"
            is_nmi = 0
        }
  Intr@ [IntrContainer=(0)][IntrId=(3)] 
    interrupt: Name =\USBFS:ep_2\
        PORT MAP (
            interrupt => \USBFS:ep_int_2\ );
        Properties:
        {
            int_type = "10"
            is_nmi = 0
        }
  Intr@ [IntrContainer=(0)][IntrId=(4)] 
    interrupt: Name =\USBFS:ep_3\
        PORT MAP (
            interrupt => \USBFS:ep_int_3\ );
        Properties:
        {
            int_type = "10"
            is_nmi = 0
        }
  Intr@ [IntrContainer=(0)][IntrId=(5)] 
    interrupt: Name =\USBFS:ep_4\
        PORT MAP (
            interrupt => \USBFS:ep_int_4\ );
        Properties:
        {
            int_type = "10"
            is_nmi = 0
        }
  Intr@ [IntrContainer=(0)][IntrId=(6)] 
    interrupt: Name =isr_1
        PORT MAP (
            interrupt => Net_19 );
        Properties:
        {
            int_type = "10"
            is_nmi = 0
        }
  Intr@ [IntrContainer=(0)][IntrId=(7)] 
    interrupt: Name =isr_2
        PORT MAP (
            interrupt => Net_22 );
        Properties:
        {
            int_type = "10"
            is_nmi = 0
        }
  Intr@ [IntrContainer=(0)][IntrId=(8)] 
    interrupt: Name =isr_pot
        PORT MAP (
            interrupt => Net_55 );
        Properties:
        {
            int_type = "10"
            is_nmi = 0
        }
  Intr@ [IntrContainer=(0)][IntrId=(12)] 
    interrupt: Name =\USBFS:dp_int\
        PORT MAP (
            interrupt => \USBFS:Net_1010\ );
        Properties:
        {
            int_type = "10"
            is_nmi = 0
        }
  Intr@ [IntrContainer=(0)][IntrId=(22)] 
    interrupt: Name =\USBFS:arb_int\
        PORT MAP (
            interrupt => \USBFS:Net_1889\ );
        Properties:
        {
            int_type = "10"
            is_nmi = 0
        }
  Intr@ [IntrContainer=(0)][IntrId=(23)] 
    interrupt: Name =\USBFS:bus_reset\
        PORT MAP (
            interrupt => \USBFS:Net_1876\ );
        Properties:
        {
            int_type = "10"
            is_nmi = 0
        }
  Intr@ [IntrContainer=(0)][IntrId=(24)] 
    interrupt: Name =\USBFS:ep_0\
        PORT MAP (
            interrupt => \USBFS:ep_int_0\ );
        Properties:
        {
            int_type = "10"
            is_nmi = 0
        }
  Intr@ [IntrContainer=(0)][IntrId=(29)] 
    interrupt: Name =\ADC_POT:IRQ\
        PORT MAP (
            interrupt => Net_31 );
        Properties:
        {
            int_type = "10"
            is_nmi = 0
        }
Drq container @ [DrqContainer=(0)]: 
  Dma@ [DrqContainer=(0)][DrqId=(0)] 
    drqcell: Name =\USBFS:ep1\
        PORT MAP (
            dmareq => \USBFS:dma_request_0\ ,
            termin => \USBFS:dma_terminate\ ,
            termout => \USBFS:Net_1495\ );
        Properties:
        {
            drq_type = "10"
            num_tds = 0
        }
  Dma@ [DrqContainer=(0)][DrqId=(1)] 
    drqcell: Name =\USBFS:ep2\
        PORT MAP (
            dmareq => \USBFS:dma_request_1\ ,
            termin => \USBFS:dma_terminate\ ,
            termout => \USBFS:Net_1498\ );
        Properties:
        {
            drq_type = "10"
            num_tds = 0
        }
  Dma@ [DrqContainer=(0)][DrqId=(2)] 
    drqcell: Name =\USBFS:ep3\
        PORT MAP (
            dmareq => \USBFS:dma_request_2\ ,
            termin => \USBFS:dma_terminate\ ,
            termout => \USBFS:Net_1559\ );
        Properties:
        {
            drq_type = "10"
            num_tds = 0
        }
  Dma@ [DrqContainer=(0)][DrqId=(3)] 
    drqcell: Name =\USBFS:ep4\
        PORT MAP (
            dmareq => \USBFS:dma_request_3\ ,
            termin => \USBFS:dma_terminate\ ,
            termout => \USBFS:Net_1567\ );
        Properties:
        {
            drq_type = "10"
            num_tds = 0
        }
  Dma@ [DrqContainer=(0)][DrqId=(4)] 
    drqcell: Name =DMA_1
        PORT MAP (
            dmareq => Net_17_local ,
            termin => zero ,
            termout => Net_19 );
        Properties:
        {
            drq_type = "00"
            num_tds = 0
        }
  Dma@ [DrqContainer=(0)][DrqId=(5)] 
    drqcell: Name =DMA_2
        PORT MAP (
            dmareq => Net_17_local ,
            termin => zero ,
            termout => Net_22 );
        Properties:
        {
            drq_type = "00"
            num_tds = 0
        }
Port 0 contains the following IO cells:
[IoId=2]: 
Pin : Name = \ADC_CH1:Bypass(0)\
    Attributes:
        In Group/Port: True
        In Sync Option: AUTO
        Out Sync Option: AUTO
        Interrupt generated: False
        Interrupt mode: NONE
        Drive mode: HI_Z_ANALOG
        VTrip: EITHER
        Slew: FAST
        Input Sync needed: False
        Output Sync needed: False
        SC shield enabled: False
        POR State: ANY
        LCD Mode: COMMON
        Register Mode: RegComb
        CaSense Mode: NEITHER
        Treat as pin: True
        Is OE Registered: False
        Uses Analog: True
        Can contain Digital: False
        Is SIO: False
        SIO Output Buf: NONREGULATED
        SIO Input Buf: SINGLE_ENDED
        SIO HiFreq: LOW
        SIO Hyst: DISABLED
        SIO Vtrip: MULTIPLIER_0_5
        SIO Multiplier Index: 0
        SIO RefSel: VCC_IO
        Required Capabilities: ANALOG
        Initial Value: 0
        IO Voltage: 0
    PORT MAP (
        pa_out => \ADC_CH1:Bypass(0)\__PA ,
        analog_term => \ADC_CH1:Net_210\ ,
        pad => \ADC_CH1:Bypass(0)_PAD\ );
    Properties:
    {
    }

[IoId=4]: 
Pin : Name = \ADC_CH2:Bypass(0)\
    Attributes:
        In Group/Port: True
        In Sync Option: AUTO
        Out Sync Option: AUTO
        Interrupt generated: False
        Interrupt mode: NONE
        Drive mode: HI_Z_ANALOG
        VTrip: EITHER
        Slew: FAST
        Input Sync needed: False
        Output Sync needed: False
        SC shield enabled: False
        POR State: ANY
        LCD Mode: COMMON
        Register Mode: RegComb
        CaSense Mode: NEITHER
        Treat as pin: True
        Is OE Registered: False
        Uses Analog: True
        Can contain Digital: False
        Is SIO: False
        SIO Output Buf: NONREGULATED
        SIO Input Buf: SINGLE_ENDED
        SIO HiFreq: LOW
        SIO Hyst: DISABLED
        SIO Vtrip: MULTIPLIER_0_5
        SIO Multiplier Index: 0
        SIO RefSel: VCC_IO
        Required Capabilities: ANALOG
        Initial Value: 0
        IO Voltage: 0
    PORT MAP (
        pa_out => \ADC_CH2:Bypass(0)\__PA ,
        analog_term => \ADC_CH2:Net_210\ ,
        pad => \ADC_CH2:Bypass(0)_PAD\ );
    Properties:
    {
    }

[IoId=6]: 
Pin : Name = Pot2(0)
    Attributes:
        In Group/Port: True
        In Sync Option: AUTO
        Out Sync Option: AUTO
        Interrupt generated: False
        Interrupt mode: NONE
        Drive mode: HI_Z_ANALOG
        VTrip: EITHER
        Slew: FAST
        Input Sync needed: False
        Output Sync needed: False
        SC shield enabled: False
        POR State: ANY
        LCD Mode: COMMON
        Register Mode: RegComb
        CaSense Mode: NEITHER
        Treat as pin: True
        Is OE Registered: False
        Uses Analog: True
        Can contain Digital: False
        Is SIO: False
        SIO Output Buf: NONREGULATED
        SIO Input Buf: SINGLE_ENDED
        SIO HiFreq: LOW
        SIO Hyst: DISABLED
        SIO Vtrip: MULTIPLIER_0_5
        SIO Multiplier Index: 0
        SIO RefSel: VCC_IO
        Required Capabilities: ANALOG
        Initial Value: 0
        IO Voltage: 0
    PORT MAP (
        pa_out => Pot2(0)__PA ,
        analog_term => Net_39 ,
        pad => Pot2(0)_PAD );
    Properties:
    {
    }

Port 1 contains the following IO cells:
Port 2 contains the following IO cells:
[IoId=1]: 
Pin : Name = Ch1In(0)
    Attributes:
        In Group/Port: True
        In Sync Option: AUTO
        Out Sync Option: AUTO
        Interrupt generated: False
        Interrupt mode: NONE
        Drive mode: HI_Z_ANALOG
        VTrip: EITHER
        Slew: FAST
        Input Sync needed: False
        Output Sync needed: False
        SC shield enabled: False
        POR State: ANY
        LCD Mode: COMMON
        Register Mode: RegComb
        CaSense Mode: NEITHER
        Treat as pin: True
        Is OE Registered: False
        Uses Analog: True
        Can contain Digital: False
        Is SIO: False
        SIO Output Buf: NONREGULATED
        SIO Input Buf: SINGLE_ENDED
        SIO HiFreq: LOW
        SIO Hyst: DISABLED
        SIO Vtrip: MULTIPLIER_0_5
        SIO Multiplier Index: 0
        SIO RefSel: VCC_IO
        Required Capabilities: ANALOG
        Initial Value: 0
        IO Voltage: 0
    PORT MAP (
        pa_out => Ch1In(0)__PA ,
        analog_term => Net_3 ,
        pad => Ch1In(0)_PAD );
    Properties:
    {
    }

[IoId=2]: 
Pin : Name = Ch2In(0)
    Attributes:
        In Group/Port: True
        In Sync Option: AUTO
        Out Sync Option: AUTO
        Interrupt generated: False
        Interrupt mode: NONE
        Drive mode: HI_Z_ANALOG
        VTrip: EITHER
        Slew: FAST
        Input Sync needed: False
        Output Sync needed: False
        SC shield enabled: False
        POR State: ANY
        LCD Mode: COMMON
        Register Mode: RegComb
        CaSense Mode: NEITHER
        Treat as pin: True
        Is OE Registered: False
        Uses Analog: True
        Can contain Digital: False
        Is SIO: False
        SIO Output Buf: NONREGULATED
        SIO Input Buf: SINGLE_ENDED
        SIO HiFreq: LOW
        SIO Hyst: DISABLED
        SIO Vtrip: MULTIPLIER_0_5
        SIO Multiplier Index: 0
        SIO RefSel: VCC_IO
        Required Capabilities: ANALOG
        Initial Value: 0
        IO Voltage: 0
    PORT MAP (
        pa_out => Ch2In(0)__PA ,
        analog_term => Net_10 ,
        pad => Ch2In(0)_PAD );
    Properties:
    {
    }

Port 3 contains the following IO cells:
[IoId=0]: 
Pin : Name = Pot1(0)
    Attributes:
        In Group/Port: True
        In Sync Option: AUTO
        Out Sync Option: AUTO
        Interrupt generated: False
        Interrupt mode: NONE
        Drive mode: HI_Z_ANALOG
        VTrip: EITHER
        Slew: FAST
        Input Sync needed: False
        Output Sync needed: False
        SC shield enabled: False
        POR State: ANY
        LCD Mode: COMMON
        Register Mode: RegComb
        CaSense Mode: NEITHER
        Treat as pin: True
        Is OE Registered: False
        Uses Analog: True
        Can contain Digital: False
        Is SIO: False
        SIO Output Buf: NONREGULATED
        SIO Input Buf: SINGLE_ENDED
        SIO HiFreq: LOW
        SIO Hyst: DISABLED
        SIO Vtrip: MULTIPLIER_0_5
        SIO Multiplier Index: 0
        SIO RefSel: VCC_IO
        Required Capabilities: ANALOG
        Initial Value: 0
        IO Voltage: 0
    PORT MAP (
        pa_out => Pot1(0)__PA ,
        analog_term => Net_38 ,
        pad => Pot1(0)_PAD );
    Properties:
    {
    }

Port 12 contains the following IO cells:
Port 15 generates interrupt for logical port:
    logicalport: Name =\USBFS:Dp\
        PORT MAP (
            in_clock_en => one ,
            in_reset => zero ,
            out_clock_en => one ,
            out_reset => zero ,
            interrupt => \USBFS:Net_1010\ ,
            in_clock => ClockBlock_BUS_CLK );
        Properties:
        {
            drive_mode = "000"
            ibuf_enabled = "0"
            id = "419a98b6-1779-42df-ac21-a9f99d5413e6/618a72fc-5ddd-4df5-958f-a3d55102db42"
            init_dr_st = "1"
            input_buffer_sel = "00"
            input_clk_en = 0
            input_sync = "1"
            input_sync_mode = "0"
            intr_mode = "10"
            invert_in_clock = 0
            invert_in_clock_en = 0
            invert_in_reset = 0
            invert_out_clock = 0
            invert_out_clock_en = 0
            invert_out_reset = 0
            io_voltage = ""
            layout_mode = "CONTIGUOUS"
            oe_conn = "0"
            oe_reset = 0
            oe_sync = "0"
            output_clk_en = 0
            output_clock_mode = "0"
            output_conn = "0"
            output_mode = "0"
            output_reset = 0
            output_sync = "0"
            ovt_hyst_trim = "0"
            ovt_needed = "0"
            ovt_slew_control = "00"
            pa_in_clock = -1
            pa_in_clock_en = -1
            pa_in_reset = -1
            pa_out_clock = -1
            pa_out_clock_en = -1
            pa_out_reset = -1
            pin_aliases = ""
            pin_mode = "I"
            por_state = 4
            port_alias_group = ""
            port_alias_required = 0
            sio_group_cnt = 0
            sio_hifreq = "00000000"
            sio_hyst = "1"
            sio_ibuf = "00000000"
            sio_info = "00"
            sio_obuf = "00000000"
            sio_refsel = "00000000"
            sio_vohsel = "00000000"
            sio_vtrip = "00000000"
            slew_rate = "0"
            spanning = 0
            sw_only = 0
            use_annotation = "0"
            vtrip = "00"
            width = 1
        }
    and contains the following IO cells:
[IoId=6]: 
Pin : Name = \USBFS:Dp(0)\
    Attributes:
        In Group/Port: True
        In Sync Option: SYNC
        Out Sync Option: AUTO
        Interrupt generated: True
        Interrupt mode: FALLING
        Drive mode: HI_Z_ANALOG
        VTrip: CMOS
        Slew: FAST
        Input Sync needed: True
        Output Sync needed: False
        SC shield enabled: False
        POR State: ANY
        LCD Mode: COMMON
        Register Mode: RegComb
        CaSense Mode: NEITHER
        Treat as pin: False
        Is OE Registered: False
        Uses Analog: True
        Can contain Digital: True
        Is SIO: False
        SIO Output Buf: NONREGULATED
        SIO Input Buf: SINGLE_ENDED
        SIO HiFreq: LOW
        SIO Hyst: DISABLED
        SIO Vtrip: MULTIPLIER_0_5
        SIO Multiplier Index: 0
        SIO RefSel: VCC_IO
        Required Capabilities: USB_D_PLUS
        Initial Value: 1
        IO Voltage: 0
    PORT MAP (
        pa_out => \USBFS:Dp(0)\__PA ,
        analog_term => \USBFS:Net_1000\ ,
        pad => \USBFS:Dp(0)_PAD\ );
    Properties:
    {
    }

[IoId=7]: 
Pin : Name = \USBFS:Dm(0)\
    Attributes:
        In Group/Port: True
        In Sync Option: AUTO
        Out Sync Option: AUTO
        Interrupt generated: False
        Interrupt mode: NONE
        Drive mode: HI_Z_ANALOG
        VTrip: EITHER
        Slew: FAST
        Input Sync needed: False
        Output Sync needed: False
        SC shield enabled: False
        POR State: ANY
        LCD Mode: COMMON
        Register Mode: RegComb
        CaSense Mode: NEITHER
        Treat as pin: True
        Is OE Registered: False
        Uses Analog: True
        Can contain Digital: False
        Is SIO: False
        SIO Output Buf: NONREGULATED
        SIO Input Buf: SINGLE_ENDED
        SIO HiFreq: LOW
        SIO Hyst: DISABLED
        SIO Vtrip: MULTIPLIER_0_5
        SIO Multiplier Index: 0
        SIO RefSel: VCC_IO
        Required Capabilities: USB_D_MINUS
        Initial Value: 0
        IO Voltage: 0
    PORT MAP (
        pa_out => \USBFS:Dm(0)\__PA ,
        analog_term => \USBFS:Net_597\ ,
        pad => \USBFS:Dm(0)_PAD\ );
    Properties:
    {
    }

ARM group 0: empty
CAN group 0: empty
Cache group 0: empty
CapSense group 0: empty
Clock group 0: 
    Clock Block @ F(Clock,0): 
    clockblockcell: Name =ClockBlock
        PORT MAP (
            imo => ClockBlock_IMO ,
            pllout => ClockBlock_PLL_OUT ,
            ilo => ClockBlock_ILO ,
            clk_100k => ClockBlock_100k ,
            clk_1k => ClockBlock_1k ,
            clk_32k => ClockBlock_32k ,
            xtal => ClockBlock_XTAL ,
            clk_32k_xtal => ClockBlock_XTAL_32KHZ ,
            clk_sync => ClockBlock_MASTER_CLK ,
            clk_bus_glb => ClockBlock_BUS_CLK ,
            clk_bus => ClockBlock_BUS_CLK_local ,
            dclk_glb_0 => \ADC_POT:Net_93\ ,
            dclk_0 => \ADC_POT:Net_93_local\ ,
            aclk_glb_0 => \ADC_CH1:Net_385\ ,
            aclk_0 => \ADC_CH1:Net_385_local\ ,
            clk_a_dig_glb_0 => \ADC_CH1:Net_381\ ,
            clk_a_dig_0 => \ADC_CH1:Net_381_local\ ,
            aclk_glb_1 => \ADC_CH2:Net_385\ ,
            aclk_1 => \ADC_CH2:Net_385_local\ ,
            clk_a_dig_glb_1 => \ADC_CH2:Net_381\ ,
            clk_a_dig_1 => \ADC_CH2:Net_381_local\ ,
            aclk_glb_2 => \ADC_POT:Net_488\ ,
            aclk_2 => \ADC_POT:Net_488_local\ ,
            clk_a_dig_glb_2 => \ADC_POT:Net_488_adig\ ,
            clk_a_dig_2 => \ADC_POT:Net_488_adig_local\ ,
            dclk_glb_1 => Net_17 ,
            dclk_1 => Net_17_local );
        Properties:
        {
        }
Comparator group 0: empty
DFB group 0: empty
DSM group 0: 
    DS Modulator @ F(DSM,0): 
    dsmodcell: Name =\ADC_POT:DSM\
        PORT MAP (
            aclock => \ADC_POT:Net_488\ ,
            vplus => Net_28 ,
            vminus => \ADC_POT:Net_20\ ,
            reset_dec => \ADC_POT:mod_reset\ ,
            extclk_cp_udb => \ADC_POT:Net_93_local\ ,
            ext_pin_1 => \ADC_POT:Net_249\ ,
            ext_pin_2 => \ADC_POT:Net_257\ ,
            ext_vssa => \ADC_POT:Net_109\ ,
            qtz_ref => \ADC_POT:Net_34\ ,
            dec_clock => \ADC_POT:aclock\ ,
            mod_dat_3 => \ADC_POT:mod_dat_3\ ,
            mod_dat_2 => \ADC_POT:mod_dat_2\ ,
            mod_dat_1 => \ADC_POT:mod_dat_1\ ,
            mod_dat_0 => \ADC_POT:mod_dat_0\ ,
            dout_udb_7 => \ADC_POT:Net_245_7\ ,
            dout_udb_6 => \ADC_POT:Net_245_6\ ,
            dout_udb_5 => \ADC_POT:Net_245_5\ ,
            dout_udb_4 => \ADC_POT:Net_245_4\ ,
            dout_udb_3 => \ADC_POT:Net_245_3\ ,
            dout_udb_2 => \ADC_POT:Net_245_2\ ,
            dout_udb_1 => \ADC_POT:Net_245_1\ ,
            dout_udb_0 => \ADC_POT:Net_245_0\ );
        Properties:
        {
            cy_registers = ""
            resolution = 8
        }
Decimator group 0: 
    Decimator Block @ F(Decimator,0): 
    decimatorcell: Name =\ADC_POT:DEC\
        PORT MAP (
            aclock => \ADC_POT:aclock\ ,
            mod_dat_3 => \ADC_POT:mod_dat_3\ ,
            mod_dat_2 => \ADC_POT:mod_dat_2\ ,
            mod_dat_1 => \ADC_POT:mod_dat_1\ ,
            mod_dat_0 => \ADC_POT:mod_dat_0\ ,
            ext_start => __ONE__ ,
            modrst => \ADC_POT:mod_reset\ ,
            interrupt => Net_31 );
        Properties:
        {
            cy_registers = ""
        }
EMIF group 0: empty
I2C group 0: empty
LCD group 0: empty
LVD group 0: empty
PICU group 0: empty
PM group 0: empty
SC group 0: empty
SPC group 0: empty
Timer group 0: empty
USB group 0: 
    USB Block @ F(USB,0): 
    usbcell: Name =\USBFS:USB\
        PORT MAP (
            dp => \USBFS:Net_1000\ ,
            dm => \USBFS:Net_597\ ,
            sof_int => Net_1 ,
            arb_int => \USBFS:Net_1889\ ,
            usb_int => \USBFS:Net_1876\ ,
            ept_int_8 => \USBFS:ep_int_8\ ,
            ept_int_7 => \USBFS:ep_int_7\ ,
            ept_int_6 => \USBFS:ep_int_6\ ,
            ept_int_5 => \USBFS:ep_int_5\ ,
            ept_int_4 => \USBFS:ep_int_4\ ,
            ept_int_3 => \USBFS:ep_int_3\ ,
            ept_int_2 => \USBFS:ep_int_2\ ,
            ept_int_1 => \USBFS:ep_int_1\ ,
            ept_int_0 => \USBFS:ep_int_0\ ,
            ord_int => \USBFS:Net_95\ ,
            dma_req_7 => \USBFS:dma_request_7\ ,
            dma_req_6 => \USBFS:dma_request_6\ ,
            dma_req_5 => \USBFS:dma_request_5\ ,
            dma_req_4 => \USBFS:dma_request_4\ ,
            dma_req_3 => \USBFS:dma_request_3\ ,
            dma_req_2 => \USBFS:dma_request_2\ ,
            dma_req_1 => \USBFS:dma_request_1\ ,
            dma_req_0 => \USBFS:dma_request_0\ ,
            dma_termin => \USBFS:dma_terminate\ );
        Properties:
        {
            cy_registers = ""
        }
VIDAC group 0: empty
OpAmp group 0: empty
CsAbuf group 0: empty
Vref group 0: 
    Vref Block @ F(Vref,6): 
    vrefcell: Name =\ADC_POT:vRef_2\
        PORT MAP (
            vout => \ADC_POT:Net_244\ );
        Properties:
        {
            autoenable = 1
            guid = "15B3DB15-B7B3-4d62-A2DF-25EA392A7161"
            ignoresleep = 0
            name = "Vssa (GND)"
        }
    Vref Block @ F(Vref,13): 
    vrefcell: Name =\ADC_CH1:vRef_Vdda_1\
        PORT MAP (
            vout => \ADC_CH1:Net_235\ );
        Properties:
        {
            autoenable = 1
            guid = "4720866E-BC14-478d-B8A0-3E44F38CADAC"
            ignoresleep = 0
            name = "Vdda/2"
        }
LPF group 0: empty
SAR group 0: 
    SAR Block @ F(SAR,0): 
    sarcell: Name =\ADC_CH2:ADC_SAR\
        PORT MAP (
            vplus => Net_10 ,
            vminus => \ADC_CH2:Net_126\ ,
            ext_pin => \ADC_CH2:Net_210\ ,
            vrefhi_out => \ADC_CH2:Net_126\ ,
            vref => \ADC_CH1:Net_235\ ,
            clock => \ADC_CH2:Net_385\ ,
            pump_clock => \ADC_CH2:Net_385\ ,
            irq => \ADC_CH2:Net_252\ ,
            next => Net_65 ,
            data_out_udb_11 => \ADC_CH2:Net_207_11\ ,
            data_out_udb_10 => \ADC_CH2:Net_207_10\ ,
            data_out_udb_9 => \ADC_CH2:Net_207_9\ ,
            data_out_udb_8 => \ADC_CH2:Net_207_8\ ,
            data_out_udb_7 => \ADC_CH2:Net_207_7\ ,
            data_out_udb_6 => \ADC_CH2:Net_207_6\ ,
            data_out_udb_5 => \ADC_CH2:Net_207_5\ ,
            data_out_udb_4 => \ADC_CH2:Net_207_4\ ,
            data_out_udb_3 => \ADC_CH2:Net_207_3\ ,
            data_out_udb_2 => \ADC_CH2:Net_207_2\ ,
            data_out_udb_1 => \ADC_CH2:Net_207_1\ ,
            data_out_udb_0 => \ADC_CH2:Net_207_0\ ,
            eof_udb => Net_62 );
        Properties:
        {
            cy_registers = ""
        }
    SAR Block @ F(SAR,1): 
    sarcell: Name =\ADC_CH1:ADC_SAR\
        PORT MAP (
            vplus => Net_3 ,
            vminus => \ADC_CH1:Net_126\ ,
            ext_pin => \ADC_CH1:Net_210\ ,
            vrefhi_out => \ADC_CH1:Net_126\ ,
            vref => \ADC_CH1:Net_235\ ,
            clock => \ADC_CH1:Net_385\ ,
            pump_clock => \ADC_CH1:Net_385\ ,
            irq => \ADC_CH1:Net_252\ ,
            next => Net_9 ,
            data_out_udb_11 => \ADC_CH1:Net_207_11\ ,
            data_out_udb_10 => \ADC_CH1:Net_207_10\ ,
            data_out_udb_9 => \ADC_CH1:Net_207_9\ ,
            data_out_udb_8 => \ADC_CH1:Net_207_8\ ,
            data_out_udb_7 => \ADC_CH1:Net_207_7\ ,
            data_out_udb_6 => \ADC_CH1:Net_207_6\ ,
            data_out_udb_5 => \ADC_CH1:Net_207_5\ ,
            data_out_udb_4 => \ADC_CH1:Net_207_4\ ,
            data_out_udb_3 => \ADC_CH1:Net_207_3\ ,
            data_out_udb_2 => \ADC_CH1:Net_207_2\ ,
            data_out_udb_1 => \ADC_CH1:Net_207_1\ ,
            data_out_udb_0 => \ADC_CH1:Net_207_0\ ,
            eof_udb => Net_6 );
        Properties:
        {
            cy_registers = ""
        }
ANAIF group 0: empty
PHUB group 0: empty

Blocks not positioned by the digital component placer:
    Amux Block @ <No Location>: 
    amuxcell: Name =\ADC_POT:AMux\
        PORT MAP (
            muxin_1 => \ADC_POT:Net_35\ ,
            muxin_0 => \ADC_POT:Net_244\ ,
            vout => \ADC_POT:Net_20\ );
        Properties:
        {
            api_type = 0
            connect_mode = 1
            cy_registers = ""
            hw_control = 0
            init_mux_sel = "00"
            muxin_width = 2
            one_active = 0
        }
    Amux Block @ <No Location>: 
    amuxcell: Name =Mux
        PORT MAP (
            muxin_1 => Net_39 ,
            muxin_0 => Net_38 ,
            vout => Net_28 );
        Properties:
        {
            api_type = 0
            connect_mode = 1
            cy_registers = ""
            hw_control = 0
            init_mux_sel = "00"
            muxin_width = 2
            one_active = 0
        }
</CYPRESSTAG>
<CYPRESSTAG name="Port Configuration Details">

------------------------------------------------------------
Port Configuration report
------------------------------------------------------------
     |     |       | Interrupt |                  |                     | 
Port | Pin | Fixed |      Type |       Drive Mode |                Name | Connections
-----+-----+-------+-----------+------------------+---------------------+--------------------------
   0 |   2 |       |      NONE |      HI_Z_ANALOG | \ADC_CH1:Bypass(0)\ | Analog(\ADC_CH1:Net_210\)
     |   4 |       |      NONE |      HI_Z_ANALOG | \ADC_CH2:Bypass(0)\ | Analog(\ADC_CH2:Net_210\)
     |   6 |     * |      NONE |      HI_Z_ANALOG |             Pot2(0) | Analog(Net_39)
-----+-----+-------+-----------+------------------+---------------------+--------------------------
   2 |   1 |     * |      NONE |      HI_Z_ANALOG |            Ch1In(0) | Analog(Net_3)
     |   2 |     * |      NONE |      HI_Z_ANALOG |            Ch2In(0) | Analog(Net_10)
-----+-----+-------+-----------+------------------+---------------------+--------------------------
   3 |   0 |     * |      NONE |      HI_Z_ANALOG |             Pot1(0) | Analog(Net_38)
-----+-----+-------+-----------+------------------+---------------------+--------------------------
  15 |   6 |       |   FALLING |      HI_Z_ANALOG |       \USBFS:Dp(0)\ | Analog(\USBFS:Net_1000\)
     |   7 |       |      NONE |      HI_Z_ANALOG |       \USBFS:Dm(0)\ | Analog(\USBFS:Net_597\)
---------------------------------------------------------------------------------------------------
</CYPRESSTAG>
</CYPRESSTAG>
</CYPRESSTAG>
Digital component placer commit/Report: Elapsed time ==> 0s.063ms
Digital Placement phase: Elapsed time ==> 1s.142ms
</CYPRESSTAG>
<CYPRESSTAG name="Digital Routing">
"C:\Program Files (x86)\Cypress\PSoC Creator\4.2\PSoC Creator\bin/sjrouter.exe" --xml-path "C:\Program Files (x86)\Cypress\PSoC Creator\4.2\PSoC Creator\dev\psoc5/psoc5lp/route_arch-rrg.cydata" --vh2-path "Oscilloscope_r.vh2" --pcf-path "Oscilloscope.pco" --des-name "Oscilloscope" --dsf-path "Oscilloscope.dsf" --sdc-path "Oscilloscope.sdc" --lib-path "Oscilloscope_r.lib"
Routing successful.
Digital Routing phase: Elapsed time ==> 1s.457ms
</CYPRESSTAG>
<CYPRESSTAG name="Bitstream Generation">
Bitstream Generation phase: Elapsed time ==> 0s.266ms
</CYPRESSTAG>
<CYPRESSTAG name="Bitstream Verification">
Bitstream Verification phase: Elapsed time ==> 0s.044ms
</CYPRESSTAG>
<CYPRESSTAG name="Static timing analysis">
Timing report is in Oscilloscope_timing.html.
Static timing analysis phase: Elapsed time ==> 0s.316ms
</CYPRESSTAG>
<CYPRESSTAG name="Data reporting">
Data reporting phase: Elapsed time ==> 0s.000ms
</CYPRESSTAG>
<CYPRESSTAG name="Database update...">
Design database save phase: Elapsed time ==> 0s.239ms
</CYPRESSTAG>
cydsfit: Elapsed time ==> 4s.754ms
</CYPRESSTAG>
Fitter phase: Elapsed time ==> 4s.755ms
API generation phase: Elapsed time ==> 2s.756ms
Dependency generation phase: Elapsed time ==> 0s.024ms
Cleanup phase: Elapsed time ==> 0s.002ms
