ARM GAS  C:\Users\Admin\AppData\Local\Temp\ccYl2cSx.s 			page 1


   1              		.syntax unified
   2              		.cpu cortex-m3
   3              		.fpu softvfp
   4              		.eabi_attribute 20, 1
   5              		.eabi_attribute 21, 1
   6              		.eabi_attribute 23, 3
   7              		.eabi_attribute 24, 1
   8              		.eabi_attribute 25, 1
   9              		.eabi_attribute 26, 1
  10              		.eabi_attribute 30, 1
  11              		.eabi_attribute 34, 1
  12              		.eabi_attribute 18, 4
  13              		.thumb
  14              		.syntax unified
  15              		.file	"cymetadata.c"
  16              		.text
  17              	.Ltext0:
  18              		.cfi_sections	.debug_frame
  19              		.global	cy_metadata
  20              		.global	cy_meta_flashprotect
  21              		.global	cy_meta_wonvl
  22              		.global	cy_meta_custnvl
  23              		.global	cy_meta_configecc
  24              		.section	.cyconfigecc,"a",%progbits
  25              		.align	2
  26              		.type	cy_meta_configecc, %object
  27              		.size	cy_meta_configecc, 624
  28              	cy_meta_configecc:
  29 0000 01       		.byte	1
  30 0001 45       		.byte	69
  31 0002 00       		.byte	0
  32 0003 40       		.byte	64
  33 0004 01       		.byte	1
  34 0005 52       		.byte	82
  35 0006 00       		.byte	0
  36 0007 40       		.byte	64
  37 0008 01       		.byte	1
  38 0009 5B       		.byte	91
  39 000a 00       		.byte	0
  40 000b 40       		.byte	64
  41 000c 01       		.byte	1
  42 000d 64       		.byte	100
  43 000e 00       		.byte	0
  44 000f 40       		.byte	64
  45 0010 01       		.byte	1
  46 0011 01       		.byte	1
  47 0012 01       		.byte	1
  48 0013 40       		.byte	64
  49 0014 01       		.byte	1
  50 0015 03       		.byte	3
  51 0016 01       		.byte	1
  52 0017 40       		.byte	64
  53 0018 04       		.byte	4
  54 0019 04       		.byte	4
  55 001a 01       		.byte	1
  56 001b 40       		.byte	64
  57 001c 03       		.byte	3
ARM GAS  C:\Users\Admin\AppData\Local\Temp\ccYl2cSx.s 			page 2


  58 001d 05       		.byte	5
  59 001e 01       		.byte	1
  60 001f 40       		.byte	64
  61 0020 02       		.byte	2
  62 0021 07       		.byte	7
  63 0022 01       		.byte	1
  64 0023 40       		.byte	64
  65 0024 02       		.byte	2
  66 0025 09       		.byte	9
  67 0026 01       		.byte	1
  68 0027 40       		.byte	64
  69 0028 28       		.byte	40
  70 0029 0A       		.byte	10
  71 002a 01       		.byte	1
  72 002b 40       		.byte	64
  73 002c 0B       		.byte	11
  74 002d 0B       		.byte	11
  75 002e 01       		.byte	1
  76 002f 40       		.byte	64
  77 0030 20       		.byte	32
  78 0031 0C       		.byte	12
  79 0032 01       		.byte	1
  80 0033 40       		.byte	64
  81 0034 12       		.byte	18
  82 0035 0D       		.byte	13
  83 0036 01       		.byte	1
  84 0037 40       		.byte	64
  85 0038 01       		.byte	1
  86 0039 0F       		.byte	15
  87 003a 01       		.byte	1
  88 003b 40       		.byte	64
  89 003c 02       		.byte	2
  90 003d 15       		.byte	21
  91 003e 01       		.byte	1
  92 003f 40       		.byte	64
  93 0040 01       		.byte	1
  94 0041 17       		.byte	23
  95 0042 01       		.byte	1
  96 0043 40       		.byte	64
  97 0044 01       		.byte	1
  98 0045 19       		.byte	25
  99 0046 01       		.byte	1
 100 0047 40       		.byte	64
 101 0048 02       		.byte	2
 102 0049 1B       		.byte	27
 103 004a 01       		.byte	1
 104 004b 40       		.byte	64
 105 004c 0A       		.byte	10
 106 004d 40       		.byte	64
 107 004e 01       		.byte	1
 108 004f 40       		.byte	64
 109 0050 0F       		.byte	15
 110 0051 41       		.byte	65
 111 0052 01       		.byte	1
 112 0053 40       		.byte	64
 113 0054 07       		.byte	7
 114 0055 42       		.byte	66
ARM GAS  C:\Users\Admin\AppData\Local\Temp\ccYl2cSx.s 			page 3


 115 0056 01       		.byte	1
 116 0057 40       		.byte	64
 117 0058 05       		.byte	5
 118 0059 43       		.byte	67
 119 005a 01       		.byte	1
 120 005b 40       		.byte	64
 121 005c 04       		.byte	4
 122 005d 44       		.byte	68
 123 005e 01       		.byte	1
 124 005f 40       		.byte	64
 125 0060 03       		.byte	3
 126 0061 45       		.byte	69
 127 0062 01       		.byte	1
 128 0063 40       		.byte	64
 129 0064 09       		.byte	9
 130 0065 46       		.byte	70
 131 0066 01       		.byte	1
 132 0067 40       		.byte	64
 133 0068 0A       		.byte	10
 134 0069 47       		.byte	71
 135 006a 01       		.byte	1
 136 006b 40       		.byte	64
 137 006c 09       		.byte	9
 138 006d 48       		.byte	72
 139 006e 01       		.byte	1
 140 006f 40       		.byte	64
 141 0070 03       		.byte	3
 142 0071 49       		.byte	73
 143 0072 01       		.byte	1
 144 0073 40       		.byte	64
 145 0074 04       		.byte	4
 146 0075 4C       		.byte	76
 147 0076 01       		.byte	1
 148 0077 40       		.byte	64
 149 0078 03       		.byte	3
 150 0079 4D       		.byte	77
 151 007a 01       		.byte	1
 152 007b 40       		.byte	64
 153 007c 03       		.byte	3
 154 007d 50       		.byte	80
 155 007e 01       		.byte	1
 156 007f 40       		.byte	64
 157 0080 04       		.byte	4
 158 0081 51       		.byte	81
 159 0082 01       		.byte	1
 160 0083 40       		.byte	64
 161 0084 7E       		.byte	126
 162 0085 02       		.byte	2
 163 0086 7C       		.byte	124
 164 0087 40       		.byte	64
 165 0088 27       		.byte	39
 166 0089 21       		.byte	33
 167 008a 8C       		.byte	-116
 168 008b 0D       		.byte	13
 169 008c E2       		.byte	-30
 170 008d 20       		.byte	32
 171 008e EA       		.byte	-22
ARM GAS  C:\Users\Admin\AppData\Local\Temp\ccYl2cSx.s 			page 4


 172 008f 01       		.byte	1
 173 0090 38       		.byte	56
 174 0091 80       		.byte	-128
 175 0092 3E       		.byte	62
 176 0093 40       		.byte	64
 177 0094 58       		.byte	88
 178 0095 04       		.byte	4
 179 0096 5F       		.byte	95
 180 0097 01       		.byte	1
 181 0098 18       		.byte	24
 182 0099 01       		.byte	1
 183 009a EA       		.byte	-22
 184 009b 08       		.byte	8
 185 009c EE       		.byte	-18
 186 009d 10       		.byte	16
 187 009e B4       		.byte	-76
 188 009f 01       		.byte	1
 189 00a0 EE       		.byte	-18
 190 00a1 01       		.byte	1
 191 00a2 EC       		.byte	-20
 192 00a3 10       		.byte	16
 193 00a4 EE       		.byte	-18
 194 00a5 01       		.byte	1
 195 00a6 40       		.byte	64
 196 00a7 54       		.byte	84
 197 00a8 49       		.byte	73
 198 00a9 FF       		.byte	-1
 199 00aa 4A       		.byte	74
 200 00ab FF       		.byte	-1
 201 00ac 4B       		.byte	75
 202 00ad FF       		.byte	-1
 203 00ae 4F       		.byte	79
 204 00af 01       		.byte	1
 205 00b0 50       		.byte	80
 206 00b1 18       		.byte	24
 207 00b2 52       		.byte	82
 208 00b3 80       		.byte	-128
 209 00b4 5A       		.byte	90
 210 00b5 04       		.byte	4
 211 00b6 5B       		.byte	91
 212 00b7 04       		.byte	4
 213 00b8 5D       		.byte	93
 214 00b9 99       		.byte	-103
 215 00ba 5F       		.byte	95
 216 00bb 01       		.byte	1
 217 00bc 60       		.byte	96
 218 00bd 40       		.byte	64
 219 00be 62       		.byte	98
 220 00bf 40       		.byte	64
 221 00c0 64       		.byte	100
 222 00c1 40       		.byte	64
 223 00c2 65       		.byte	101
 224 00c3 40       		.byte	64
 225 00c4 66       		.byte	102
 226 00c5 80       		.byte	-128
 227 00c6 68       		.byte	104
 228 00c7 80       		.byte	-128
ARM GAS  C:\Users\Admin\AppData\Local\Temp\ccYl2cSx.s 			page 5


 229 00c8 6A       		.byte	106
 230 00c9 80       		.byte	-128
 231 00ca 6C       		.byte	108
 232 00cb 80       		.byte	-128
 233 00cc 6E       		.byte	110
 234 00cd 80       		.byte	-128
 235 00ce C0       		.byte	-64
 236 00cf 54       		.byte	84
 237 00d0 C9       		.byte	-55
 238 00d1 FF       		.byte	-1
 239 00d2 CA       		.byte	-54
 240 00d3 FF       		.byte	-1
 241 00d4 CB       		.byte	-53
 242 00d5 FF       		.byte	-1
 243 00d6 CD       		.byte	-51
 244 00d7 83       		.byte	-125
 245 00d8 CE       		.byte	-50
 246 00d9 03       		.byte	3
 247 00da CF       		.byte	-49
 248 00db 01       		.byte	1
 249 00dc D0       		.byte	-48
 250 00dd 18       		.byte	24
 251 00de DA       		.byte	-38
 252 00df 04       		.byte	4
 253 00e0 DD       		.byte	-35
 254 00e1 09       		.byte	9
 255 00e2 DF       		.byte	-33
 256 00e3 01       		.byte	1
 257 00e4 E0       		.byte	-32
 258 00e5 40       		.byte	64
 259 00e6 E2       		.byte	-30
 260 00e7 40       		.byte	64
 261 00e8 E4       		.byte	-28
 262 00e9 40       		.byte	64
 263 00ea E5       		.byte	-27
 264 00eb 40       		.byte	64
 265 00ec E6       		.byte	-26
 266 00ed 80       		.byte	-128
 267 00ee E8       		.byte	-24
 268 00ef 80       		.byte	-128
 269 00f0 EA       		.byte	-22
 270 00f1 80       		.byte	-128
 271 00f2 EC       		.byte	-20
 272 00f3 80       		.byte	-128
 273 00f4 EE       		.byte	-18
 274 00f5 80       		.byte	-128
 275 00f6 42       		.byte	66
 276 00f7 80       		.byte	-128
 277 00f8 46       		.byte	70
 278 00f9 80       		.byte	-128
 279 00fa 48       		.byte	72
 280 00fb 02       		.byte	2
 281 00fc 4C       		.byte	76
 282 00fd 02       		.byte	2
 283 00fe 70       		.byte	112
 284 00ff 02       		.byte	2
 285 0100 9A       		.byte	-102
ARM GAS  C:\Users\Admin\AppData\Local\Temp\ccYl2cSx.s 			page 6


 286 0101 80       		.byte	-128
 287 0102 A4       		.byte	-92
 288 0103 02       		.byte	2
 289 0104 AF       		.byte	-81
 290 0105 40       		.byte	64
 291 0106 D0       		.byte	-48
 292 0107 81       		.byte	-127
 293 0108 D2       		.byte	-46
 294 0109 18       		.byte	24
 295 010a EE       		.byte	-18
 296 010b 10       		.byte	16
 297 010c 12       		.byte	18
 298 010d 01       		.byte	1
 299 010e 22       		.byte	34
 300 010f 01       		.byte	1
 301 0110 30       		.byte	48
 302 0111 01       		.byte	1
 303 0112 36       		.byte	54
 304 0113 01       		.byte	1
 305 0114 3E       		.byte	62
 306 0115 01       		.byte	1
 307 0116 40       		.byte	64
 308 0117 54       		.byte	84
 309 0118 45       		.byte	69
 310 0119 EC       		.byte	-20
 311 011a 46       		.byte	70
 312 011b 02       		.byte	2
 313 011c 48       		.byte	72
 314 011d 07       		.byte	7
 315 011e 49       		.byte	73
 316 011f FF       		.byte	-1
 317 0120 4A       		.byte	74
 318 0121 FF       		.byte	-1
 319 0122 4B       		.byte	75
 320 0123 FF       		.byte	-1
 321 0124 4D       		.byte	77
 322 0125 83       		.byte	-125
 323 0126 4E       		.byte	78
 324 0127 03       		.byte	3
 325 0128 4F       		.byte	79
 326 0129 01       		.byte	1
 327 012a 50       		.byte	80
 328 012b 18       		.byte	24
 329 012c 54       		.byte	84
 330 012d 01       		.byte	1
 331 012e 58       		.byte	88
 332 012f 04       		.byte	4
 333 0130 5A       		.byte	90
 334 0131 04       		.byte	4
 335 0132 5B       		.byte	91
 336 0133 04       		.byte	4
 337 0134 5C       		.byte	92
 338 0135 09       		.byte	9
 339 0136 5D       		.byte	93
 340 0137 99       		.byte	-103
 341 0138 5F       		.byte	95
 342 0139 01       		.byte	1
ARM GAS  C:\Users\Admin\AppData\Local\Temp\ccYl2cSx.s 			page 7


 343 013a 60       		.byte	96
 344 013b 40       		.byte	64
 345 013c 62       		.byte	98
 346 013d 40       		.byte	64
 347 013e 64       		.byte	100
 348 013f 40       		.byte	64
 349 0140 65       		.byte	101
 350 0141 40       		.byte	64
 351 0142 66       		.byte	102
 352 0143 80       		.byte	-128
 353 0144 68       		.byte	104
 354 0145 80       		.byte	-128
 355 0146 6A       		.byte	106
 356 0147 80       		.byte	-128
 357 0148 6C       		.byte	108
 358 0149 80       		.byte	-128
 359 014a 6E       		.byte	110
 360 014b 80       		.byte	-128
 361 014c 0C       		.byte	12
 362 014d 02       		.byte	2
 363 014e 16       		.byte	22
 364 014f 80       		.byte	-128
 365 0150 1E       		.byte	30
 366 0151 80       		.byte	-128
 367 0152 1F       		.byte	31
 368 0153 40       		.byte	64
 369 0154 46       		.byte	70
 370 0155 80       		.byte	-128
 371 0156 4C       		.byte	76
 372 0157 02       		.byte	2
 373 0158 4D       		.byte	77
 374 0159 04       		.byte	4
 375 015a 4F       		.byte	79
 376 015b 01       		.byte	1
 377 015c 56       		.byte	86
 378 015d 80       		.byte	-128
 379 015e 5D       		.byte	93
 380 015f 04       		.byte	4
 381 0160 5E       		.byte	94
 382 0161 80       		.byte	-128
 383 0162 5F       		.byte	95
 384 0163 01       		.byte	1
 385 0164 C2       		.byte	-62
 386 0165 10       		.byte	16
 387 0166 C4       		.byte	-60
 388 0167 10       		.byte	16
 389 0168 D0       		.byte	-48
 390 0169 80       		.byte	-128
 391 016a D2       		.byte	-46
 392 016b 10       		.byte	16
 393 016c D6       		.byte	-42
 394 016d D0       		.byte	-48
 395 016e EA       		.byte	-22
 396 016f 01       		.byte	1
 397 0170 E2       		.byte	-30
 398 0171 20       		.byte	32
 399 0172 EC       		.byte	-20
ARM GAS  C:\Users\Admin\AppData\Local\Temp\ccYl2cSx.s 			page 8


 400 0173 20       		.byte	32
 401 0174 EE       		.byte	-18
 402 0175 08       		.byte	8
 403 0176 EE       		.byte	-18
 404 0177 08       		.byte	8
 405 0178 EE       		.byte	-18
 406 0179 08       		.byte	8
 407 017a EC       		.byte	-20
 408 017b 20       		.byte	32
 409 017c EE       		.byte	-18
 410 017d 08       		.byte	8
 411 017e 1B       		.byte	27
 412 017f 01       		.byte	1
 413 0180 1F       		.byte	31
 414 0181 08       		.byte	8
 415 0182 32       		.byte	50
 416 0183 01       		.byte	1
 417 0184 33       		.byte	51
 418 0185 20       		.byte	32
 419 0186 37       		.byte	55
 420 0187 44       		.byte	68
 421 0188 39       		.byte	57
 422 0189 80       		.byte	-128
 423 018a 8A       		.byte	-118
 424 018b 01       		.byte	1
 425 018c C6       		.byte	-58
 426 018d 30       		.byte	48
 427 018e CC       		.byte	-52
 428 018f F0       		.byte	-16
 429 0190 CE       		.byte	-50
 430 0191 10       		.byte	16
 431 0192 33       		.byte	51
 432 0193 88       		.byte	-120
 433 0194 36       		.byte	54
 434 0195 80       		.byte	-128
 435 0196 37       		.byte	55
 436 0197 08       		.byte	8
 437 0198 39       		.byte	57
 438 0199 08       		.byte	8
 439 019a 3F       		.byte	63
 440 019b 40       		.byte	64
 441 019c 9F       		.byte	-97
 442 019d 44       		.byte	68
 443 019e A2       		.byte	-94
 444 019f 80       		.byte	-128
 445 01a0 A3       		.byte	-93
 446 01a1 08       		.byte	8
 447 01a2 A7       		.byte	-89
 448 01a3 20       		.byte	32
 449 01a4 A9       		.byte	-87
 450 01a5 40       		.byte	64
 451 01a6 AE       		.byte	-82
 452 01a7 80       		.byte	-128
 453 01a8 AF       		.byte	-81
 454 01a9 01       		.byte	1
 455 01aa CC       		.byte	-52
 456 01ab F0       		.byte	-16
ARM GAS  C:\Users\Admin\AppData\Local\Temp\ccYl2cSx.s 			page 9


 457 01ac CE       		.byte	-50
 458 01ad 60       		.byte	96
 459 01ae EA       		.byte	-22
 460 01af 80       		.byte	-128
 461 01b0 95       		.byte	-107
 462 01b1 08       		.byte	8
 463 01b2 97       		.byte	-105
 464 01b3 40       		.byte	64
 465 01b4 9F       		.byte	-97
 466 01b5 40       		.byte	64
 467 01b6 A7       		.byte	-89
 468 01b7 A0       		.byte	-96
 469 01b8 AF       		.byte	-81
 470 01b9 08       		.byte	8
 471 01ba B7       		.byte	-73
 472 01bb 04       		.byte	4
 473 01bc EA       		.byte	-22
 474 01bd 10       		.byte	16
 475 01be 95       		.byte	-107
 476 01bf 08       		.byte	8
 477 01c0 97       		.byte	-105
 478 01c1 40       		.byte	64
 479 01c2 A7       		.byte	-89
 480 01c3 A0       		.byte	-96
 481 01c4 AB       		.byte	-85
 482 01c5 40       		.byte	64
 483 01c6 EE       		.byte	-18
 484 01c7 80       		.byte	-128
 485 01c8 7C       		.byte	124
 486 01c9 01       		.byte	1
 487 01ca 8B       		.byte	-117
 488 01cb 10       		.byte	16
 489 01cc DE       		.byte	-34
 490 01cd 01       		.byte	1
 491 01ce E2       		.byte	-30
 492 01cf 04       		.byte	4
 493 01d0 94       		.byte	-108
 494 01d1 01       		.byte	1
 495 01d2 97       		.byte	-105
 496 01d3 21       		.byte	33
 497 01d4 AB       		.byte	-85
 498 01d5 01       		.byte	1
 499 01d6 1A       		.byte	26
 500 01d7 80       		.byte	-128
 501 01d8 46       		.byte	70
 502 01d9 10       		.byte	16
 503 01da 94       		.byte	-108
 504 01db 01       		.byte	1
 505 01dc 97       		.byte	-105
 506 01dd 21       		.byte	33
 507 01de A5       		.byte	-91
 508 01df 02       		.byte	2
 509 01e0 B5       		.byte	-75
 510 01e1 02       		.byte	2
 511 01e2 C6       		.byte	-58
 512 01e3 08       		.byte	8
 513 01e4 D0       		.byte	-48
ARM GAS  C:\Users\Admin\AppData\Local\Temp\ccYl2cSx.s 			page 10


 514 01e5 01       		.byte	1
 515 01e6 EE       		.byte	-18
 516 01e7 08       		.byte	8
 517 01e8 0B       		.byte	11
 518 01e9 21       		.byte	33
 519 01ea 0D       		.byte	13
 520 01eb 02       		.byte	2
 521 01ec 0F       		.byte	15
 522 01ed 02       		.byte	2
 523 01ee 97       		.byte	-105
 524 01ef 21       		.byte	33
 525 01f0 9E       		.byte	-98
 526 01f1 10       		.byte	16
 527 01f2 A5       		.byte	-91
 528 01f3 02       		.byte	2
 529 01f4 AA       		.byte	-86
 530 01f5 40       		.byte	64
 531 01f6 B4       		.byte	-76
 532 01f7 01       		.byte	1
 533 01f8 C2       		.byte	-62
 534 01f9 0F       		.byte	15
 535 01fa EC       		.byte	-20
 536 01fb 08       		.byte	8
 537 01fc 21       		.byte	33
 538 01fd 04       		.byte	4
 539 01fe 23       		.byte	35
 540 01ff 40       		.byte	64
 541 0200 27       		.byte	39
 542 0201 01       		.byte	1
 543 0202 95       		.byte	-107
 544 0203 08       		.byte	8
 545 0204 97       		.byte	-105
 546 0205 40       		.byte	64
 547 0206 A7       		.byte	-89
 548 0207 20       		.byte	32
 549 0208 AF       		.byte	-81
 550 0209 80       		.byte	-128
 551 020a C8       		.byte	-56
 552 020b 60       		.byte	96
 553 020c EE       		.byte	-18
 554 020d 10       		.byte	16
 555 020e AF       		.byte	-81
 556 020f 20       		.byte	32
 557 0210 B3       		.byte	-77
 558 0211 01       		.byte	1
 559 0212 EE       		.byte	-18
 560 0213 10       		.byte	16
 561 0214 1F       		.byte	31
 562 0215 80       		.byte	-128
 563 0216 9E       		.byte	-98
 564 0217 10       		.byte	16
 565 0218 AF       		.byte	-81
 566 0219 01       		.byte	1
 567 021a C6       		.byte	-58
 568 021b 01       		.byte	1
 569 021c AF       		.byte	-81
 570 021d 80       		.byte	-128
ARM GAS  C:\Users\Admin\AppData\Local\Temp\ccYl2cSx.s 			page 11


 571 021e B2       		.byte	-78
 572 021f 10       		.byte	16
 573 0220 EC       		.byte	-20
 574 0221 04       		.byte	4
 575 0222 01       		.byte	1
 576 0223 01       		.byte	1
 577 0224 0D       		.byte	13
 578 0225 01       		.byte	1
 579 0226 0F       		.byte	15
 580 0227 01       		.byte	1
 581 0228 00       		.byte	0
 582 0229 AF       		.byte	-81
 583 022a 01       		.byte	1
 584 022b FA       		.byte	-6
 585 022c 02       		.byte	2
 586 022d 03       		.byte	3
 587 022e 11       		.byte	17
 588 022f 0A       		.byte	10
 589 0230 00       		.byte	0
 590 0231 00       		.byte	0
 591 0232 00       		.byte	0
 592 0233 00       		.byte	0
 593 0234 00       		.byte	0
 594 0235 00       		.byte	0
 595 0236 54       		.byte	84
 596 0237 00       		.byte	0
 597 0238 40       		.byte	64
 598 0239 00       		.byte	0
 599 023a 00       		.byte	0
 600 023b 00       		.byte	0
 601 023c 00       		.byte	0
 602 023d 00       		.byte	0
 603 023e 00       		.byte	0
 604 023f 00       		.byte	0
 605 0240 C0       		.byte	-64
 606 0241 00       		.byte	0
 607 0242 00       		.byte	0
 608 0243 00       		.byte	0
 609 0244 00       		.byte	0
 610 0245 0B       		.byte	11
 611 0246 0B       		.byte	11
 612 0247 00       		.byte	0
 613 0248 00       		.byte	0
 614 0249 00       		.byte	0
 615 024a 00       		.byte	0
 616 024b 00       		.byte	0
 617 024c 00       		.byte	0
 618 024d 00       		.byte	0
 619 024e 00       		.byte	0
 620 024f 00       		.byte	0
 621 0250 00       		.byte	0
 622 0251 00       		.byte	0
 623 0252 06       		.byte	6
 624 0253 00       		.byte	0
 625 0254 00       		.byte	0
 626 0255 00       		.byte	0
 627 0256 00       		.byte	0
ARM GAS  C:\Users\Admin\AppData\Local\Temp\ccYl2cSx.s 			page 12


 628 0257 00       		.byte	0
 629 0258 00       		.byte	0
 630 0259 00       		.byte	0
 631 025a 01       		.byte	1
 632 025b 00       		.byte	0
 633 025c 10       		.byte	16
 634 025d 00       		.byte	0
 635 025e 18       		.byte	24
 636 025f 01       		.byte	1
 637 0260 10       		.byte	16
 638 0261 00       		.byte	0
 639 0262 18       		.byte	24
 640 0263 01       		.byte	1
 641 0264 95       		.byte	-107
 642 0265 00       		.byte	0
 643 0266 18       		.byte	24
 644 0267 01       		.byte	1
 645 0268 00       		.byte	0
 646 0269 04       		.byte	4
 647 026a 00       		.byte	0
 648 026b 00       		.byte	0
 649 026c 00       		.byte	0
 650 026d 05       		.byte	5
 651 026e 00       		.byte	0
 652 026f 00       		.byte	0
 653              		.section	.cywolatch,"a",%progbits
 654              		.align	2
 655              		.type	cy_meta_wonvl, %object
 656              		.size	cy_meta_wonvl, 4
 657              	cy_meta_wonvl:
 658 0000 BC       		.byte	-68
 659 0001 90       		.byte	-112
 660 0002 AC       		.byte	-84
 661 0003 AF       		.byte	-81
 662              		.section	.cycustnvl,"a",%progbits
 663              		.align	2
 664              		.type	cy_meta_custnvl, %object
 665              		.size	cy_meta_custnvl, 4
 666              	cy_meta_custnvl:
 667 0000 00       		.byte	0
 668 0001 00       		.byte	0
 669 0002 40       		.byte	64
 670 0003 05       		.byte	5
 671              		.section	.cymeta,"a",%progbits
 672              		.align	2
 673              		.type	cy_metadata, %object
 674              		.size	cy_metadata, 12
 675              	cy_metadata:
 676 0000 00       		.byte	0
 677 0001 01       		.byte	1
 678 0002 2E       		.byte	46
 679 0003 16       		.byte	22
 680 0004 10       		.byte	16
 681 0005 69       		.byte	105
 682 0006 00       		.byte	0
 683 0007 01       		.byte	1
 684 0008 00       		.byte	0
ARM GAS  C:\Users\Admin\AppData\Local\Temp\ccYl2cSx.s 			page 13


 685 0009 00       		.byte	0
 686 000a 00       		.byte	0
 687 000b 00       		.byte	0
 688              		.section	.cyflashprotect,"a",%progbits
 689              		.align	2
 690              		.type	cy_meta_flashprotect, %object
 691              		.size	cy_meta_flashprotect, 256
 692              	cy_meta_flashprotect:
 693 0000 00000000 		.space	256
 693      00000000 
 693      00000000 
 693      00000000 
 693      00000000 
 694              		.text
 695              	.Letext0:
 696              		.file 1 "c:\\program files (x86)\\cypress\\psoc creator\\4.2\\psoc creator\\import\\gnu\\arm\\5.4.
 697              		.file 2 "c:\\program files (x86)\\cypress\\psoc creator\\4.2\\psoc creator\\import\\gnu\\arm\\5.4.
 698              		.file 3 "Generated_Source\\PSoC5\\cymetadata.c"
 699              		.section	.debug_info,"",%progbits
 700              	.Ldebug_info0:
 701 0000 31010000 		.4byte	0x131
 702 0004 0400     		.2byte	0x4
 703 0006 00000000 		.4byte	.Ldebug_abbrev0
 704 000a 04       		.byte	0x4
 705 000b 01       		.uleb128 0x1
 706 000c 68000000 		.4byte	.LASF17
 707 0010 0C       		.byte	0xc
 708 0011 C2010000 		.4byte	.LASF18
 709 0015 0A000000 		.4byte	.LASF19
 710 0019 00000000 		.4byte	.Ldebug_line0
 711 001d 02       		.uleb128 0x2
 712 001e 01       		.byte	0x1
 713 001f 06       		.byte	0x6
 714 0020 B6010000 		.4byte	.LASF0
 715 0024 03       		.uleb128 0x3
 716 0025 00000000 		.4byte	.LASF9
 717 0029 01       		.byte	0x1
 718 002a 1D       		.byte	0x1d
 719 002b 2F000000 		.4byte	0x2f
 720 002f 02       		.uleb128 0x2
 721 0030 01       		.byte	0x1
 722 0031 08       		.byte	0x8
 723 0032 5A000000 		.4byte	.LASF1
 724 0036 02       		.uleb128 0x2
 725 0037 02       		.byte	0x2
 726 0038 05       		.byte	0x5
 727 0039 A3010000 		.4byte	.LASF2
 728 003d 02       		.uleb128 0x2
 729 003e 02       		.byte	0x2
 730 003f 07       		.byte	0x7
 731 0040 08010000 		.4byte	.LASF3
 732 0044 02       		.uleb128 0x2
 733 0045 04       		.byte	0x4
 734 0046 05       		.byte	0x5
 735 0047 AD010000 		.4byte	.LASF4
 736 004b 02       		.uleb128 0x2
 737 004c 04       		.byte	0x4
ARM GAS  C:\Users\Admin\AppData\Local\Temp\ccYl2cSx.s 			page 14


 738 004d 07       		.byte	0x7
 739 004e F6000000 		.4byte	.LASF5
 740 0052 02       		.uleb128 0x2
 741 0053 08       		.byte	0x8
 742 0054 05       		.byte	0x5
 743 0055 95010000 		.4byte	.LASF6
 744 0059 02       		.uleb128 0x2
 745 005a 08       		.byte	0x8
 746 005b 07       		.byte	0x7
 747 005c 4A010000 		.4byte	.LASF7
 748 0060 04       		.uleb128 0x4
 749 0061 04       		.byte	0x4
 750 0062 05       		.byte	0x5
 751 0063 696E7400 		.ascii	"int\000"
 752 0067 02       		.uleb128 0x2
 753 0068 04       		.byte	0x4
 754 0069 07       		.byte	0x7
 755 006a 3D010000 		.4byte	.LASF8
 756 006e 03       		.uleb128 0x3
 757 006f 61010000 		.4byte	.LASF10
 758 0073 02       		.byte	0x2
 759 0074 18       		.byte	0x18
 760 0075 24000000 		.4byte	0x24
 761 0079 05       		.uleb128 0x5
 762 007a 91000000 		.4byte	0x91
 763 007e 8A000000 		.4byte	0x8a
 764 0082 06       		.uleb128 0x6
 765 0083 8A000000 		.4byte	0x8a
 766 0087 6F02     		.2byte	0x26f
 767 0089 00       		.byte	0
 768 008a 02       		.uleb128 0x2
 769 008b 04       		.byte	0x4
 770 008c 07       		.byte	0x7
 771 008d 8C010000 		.4byte	.LASF11
 772 0091 07       		.uleb128 0x7
 773 0092 6E000000 		.4byte	0x6e
 774 0096 08       		.uleb128 0x8
 775 0097 2B010000 		.4byte	.LASF12
 776 009b 03       		.byte	0x3
 777 009c 1F       		.byte	0x1f
 778 009d A7000000 		.4byte	0xa7
 779 00a1 05       		.uleb128 0x5
 780 00a2 03       		.byte	0x3
 781 00a3 00000000 		.4byte	cy_meta_configecc
 782 00a7 07       		.uleb128 0x7
 783 00a8 79000000 		.4byte	0x79
 784 00ac 05       		.uleb128 0x5
 785 00ad 91000000 		.4byte	0x91
 786 00b1 BC000000 		.4byte	0xbc
 787 00b5 09       		.uleb128 0x9
 788 00b6 8A000000 		.4byte	0x8a
 789 00ba 03       		.byte	0x3
 790 00bb 00       		.byte	0
 791 00bc 08       		.uleb128 0x8
 792 00bd 1B010000 		.4byte	.LASF13
 793 00c1 03       		.byte	0x3
 794 00c2 7A       		.byte	0x7a
ARM GAS  C:\Users\Admin\AppData\Local\Temp\ccYl2cSx.s 			page 15


 795 00c3 CD000000 		.4byte	0xcd
 796 00c7 05       		.uleb128 0x5
 797 00c8 03       		.byte	0x3
 798 00c9 00000000 		.4byte	cy_meta_custnvl
 799 00cd 07       		.uleb128 0x7
 800 00ce AC000000 		.4byte	0xac
 801 00d2 08       		.uleb128 0x8
 802 00d3 7E010000 		.4byte	.LASF14
 803 00d7 03       		.byte	0x3
 804 00d8 88       		.byte	0x88
 805 00d9 E3000000 		.4byte	0xe3
 806 00dd 05       		.uleb128 0x5
 807 00de 03       		.byte	0x3
 808 00df 00000000 		.4byte	cy_meta_wonvl
 809 00e3 07       		.uleb128 0x7
 810 00e4 AC000000 		.4byte	0xac
 811 00e8 05       		.uleb128 0x5
 812 00e9 91000000 		.4byte	0x91
 813 00ed F8000000 		.4byte	0xf8
 814 00f1 09       		.uleb128 0x9
 815 00f2 8A000000 		.4byte	0x8a
 816 00f6 FF       		.byte	0xff
 817 00f7 00       		.byte	0
 818 00f8 08       		.uleb128 0x8
 819 00f9 69010000 		.4byte	.LASF15
 820 00fd 03       		.byte	0x3
 821 00fe 96       		.byte	0x96
 822 00ff 09010000 		.4byte	0x109
 823 0103 05       		.uleb128 0x5
 824 0104 03       		.byte	0x3
 825 0105 00000000 		.4byte	cy_meta_flashprotect
 826 0109 07       		.uleb128 0x7
 827 010a E8000000 		.4byte	0xe8
 828 010e 05       		.uleb128 0x5
 829 010f 91000000 		.4byte	0x91
 830 0113 1E010000 		.4byte	0x11e
 831 0117 09       		.uleb128 0x9
 832 0118 8A000000 		.4byte	0x8a
 833 011c 0B       		.byte	0xb
 834 011d 00       		.byte	0
 835 011e 08       		.uleb128 0x8
 836 011f 4E000000 		.4byte	.LASF16
 837 0123 03       		.byte	0x3
 838 0124 C3       		.byte	0xc3
 839 0125 2F010000 		.4byte	0x12f
 840 0129 05       		.uleb128 0x5
 841 012a 03       		.byte	0x3
 842 012b 00000000 		.4byte	cy_metadata
 843 012f 07       		.uleb128 0x7
 844 0130 0E010000 		.4byte	0x10e
 845 0134 00       		.byte	0
 846              		.section	.debug_abbrev,"",%progbits
 847              	.Ldebug_abbrev0:
 848 0000 01       		.uleb128 0x1
 849 0001 11       		.uleb128 0x11
 850 0002 01       		.byte	0x1
 851 0003 25       		.uleb128 0x25
ARM GAS  C:\Users\Admin\AppData\Local\Temp\ccYl2cSx.s 			page 16


 852 0004 0E       		.uleb128 0xe
 853 0005 13       		.uleb128 0x13
 854 0006 0B       		.uleb128 0xb
 855 0007 03       		.uleb128 0x3
 856 0008 0E       		.uleb128 0xe
 857 0009 1B       		.uleb128 0x1b
 858 000a 0E       		.uleb128 0xe
 859 000b 10       		.uleb128 0x10
 860 000c 17       		.uleb128 0x17
 861 000d 00       		.byte	0
 862 000e 00       		.byte	0
 863 000f 02       		.uleb128 0x2
 864 0010 24       		.uleb128 0x24
 865 0011 00       		.byte	0
 866 0012 0B       		.uleb128 0xb
 867 0013 0B       		.uleb128 0xb
 868 0014 3E       		.uleb128 0x3e
 869 0015 0B       		.uleb128 0xb
 870 0016 03       		.uleb128 0x3
 871 0017 0E       		.uleb128 0xe
 872 0018 00       		.byte	0
 873 0019 00       		.byte	0
 874 001a 03       		.uleb128 0x3
 875 001b 16       		.uleb128 0x16
 876 001c 00       		.byte	0
 877 001d 03       		.uleb128 0x3
 878 001e 0E       		.uleb128 0xe
 879 001f 3A       		.uleb128 0x3a
 880 0020 0B       		.uleb128 0xb
 881 0021 3B       		.uleb128 0x3b
 882 0022 0B       		.uleb128 0xb
 883 0023 49       		.uleb128 0x49
 884 0024 13       		.uleb128 0x13
 885 0025 00       		.byte	0
 886 0026 00       		.byte	0
 887 0027 04       		.uleb128 0x4
 888 0028 24       		.uleb128 0x24
 889 0029 00       		.byte	0
 890 002a 0B       		.uleb128 0xb
 891 002b 0B       		.uleb128 0xb
 892 002c 3E       		.uleb128 0x3e
 893 002d 0B       		.uleb128 0xb
 894 002e 03       		.uleb128 0x3
 895 002f 08       		.uleb128 0x8
 896 0030 00       		.byte	0
 897 0031 00       		.byte	0
 898 0032 05       		.uleb128 0x5
 899 0033 01       		.uleb128 0x1
 900 0034 01       		.byte	0x1
 901 0035 49       		.uleb128 0x49
 902 0036 13       		.uleb128 0x13
 903 0037 01       		.uleb128 0x1
 904 0038 13       		.uleb128 0x13
 905 0039 00       		.byte	0
 906 003a 00       		.byte	0
 907 003b 06       		.uleb128 0x6
 908 003c 21       		.uleb128 0x21
ARM GAS  C:\Users\Admin\AppData\Local\Temp\ccYl2cSx.s 			page 17


 909 003d 00       		.byte	0
 910 003e 49       		.uleb128 0x49
 911 003f 13       		.uleb128 0x13
 912 0040 2F       		.uleb128 0x2f
 913 0041 05       		.uleb128 0x5
 914 0042 00       		.byte	0
 915 0043 00       		.byte	0
 916 0044 07       		.uleb128 0x7
 917 0045 26       		.uleb128 0x26
 918 0046 00       		.byte	0
 919 0047 49       		.uleb128 0x49
 920 0048 13       		.uleb128 0x13
 921 0049 00       		.byte	0
 922 004a 00       		.byte	0
 923 004b 08       		.uleb128 0x8
 924 004c 34       		.uleb128 0x34
 925 004d 00       		.byte	0
 926 004e 03       		.uleb128 0x3
 927 004f 0E       		.uleb128 0xe
 928 0050 3A       		.uleb128 0x3a
 929 0051 0B       		.uleb128 0xb
 930 0052 3B       		.uleb128 0x3b
 931 0053 0B       		.uleb128 0xb
 932 0054 49       		.uleb128 0x49
 933 0055 13       		.uleb128 0x13
 934 0056 3F       		.uleb128 0x3f
 935 0057 19       		.uleb128 0x19
 936 0058 02       		.uleb128 0x2
 937 0059 18       		.uleb128 0x18
 938 005a 00       		.byte	0
 939 005b 00       		.byte	0
 940 005c 09       		.uleb128 0x9
 941 005d 21       		.uleb128 0x21
 942 005e 00       		.byte	0
 943 005f 49       		.uleb128 0x49
 944 0060 13       		.uleb128 0x13
 945 0061 2F       		.uleb128 0x2f
 946 0062 0B       		.uleb128 0xb
 947 0063 00       		.byte	0
 948 0064 00       		.byte	0
 949 0065 00       		.byte	0
 950              		.section	.debug_aranges,"",%progbits
 951 0000 14000000 		.4byte	0x14
 952 0004 0200     		.2byte	0x2
 953 0006 00000000 		.4byte	.Ldebug_info0
 954 000a 04       		.byte	0x4
 955 000b 00       		.byte	0
 956 000c 0000     		.2byte	0
 957 000e 0000     		.2byte	0
 958 0010 00000000 		.4byte	0
 959 0014 00000000 		.4byte	0
 960              		.section	.debug_line,"",%progbits
 961              	.Ldebug_line0:
 962 0000 3D010000 		.section	.debug_str,"MS",%progbits,1
 962      02003701 
 962      00000201 
 962      FB0E0D00 
ARM GAS  C:\Users\Admin\AppData\Local\Temp\ccYl2cSx.s 			page 18


 962      01010101 
 963              	.LASF9:
 964 0000 5F5F7569 		.ascii	"__uint8_t\000"
 964      6E74385F 
 964      7400
 965              	.LASF19:
 966 000a 433A5C55 		.ascii	"C:\\Users\\Admin\\Desktop\\lab-project\\Final-Proje"
 966      73657273 
 966      5C41646D 
 966      696E5C44 
 966      65736B74 
 967 0038 63745C4F 		.ascii	"ct\\Oscilloscope.cydsn\000"
 967      7363696C 
 967      6C6F7363 
 967      6F70652E 
 967      63796473 
 968              	.LASF16:
 969 004e 63795F6D 		.ascii	"cy_metadata\000"
 969      65746164 
 969      61746100 
 970              	.LASF1:
 971 005a 756E7369 		.ascii	"unsigned char\000"
 971      676E6564 
 971      20636861 
 971      7200
 972              	.LASF17:
 973 0068 474E5520 		.ascii	"GNU C11 5.4.1 20160609 (release) [ARM/embedded-5-br"
 973      43313120 
 973      352E342E 
 973      31203230 
 973      31363036 
 974 009b 616E6368 		.ascii	"anch revision 237715] -mcpu=cortex-m3 -mthumb -g -O"
 974      20726576 
 974      6973696F 
 974      6E203233 
 974      37373135 
 975 00ce 67202D66 		.ascii	"g -ffunction-sections -ffat-lto-objects\000"
 975      66756E63 
 975      74696F6E 
 975      2D736563 
 975      74696F6E 
 976              	.LASF5:
 977 00f6 6C6F6E67 		.ascii	"long unsigned int\000"
 977      20756E73 
 977      69676E65 
 977      6420696E 
 977      7400
 978              	.LASF3:
 979 0108 73686F72 		.ascii	"short unsigned int\000"
 979      7420756E 
 979      7369676E 
 979      65642069 
 979      6E7400
 980              	.LASF13:
 981 011b 63795F6D 		.ascii	"cy_meta_custnvl\000"
 981      6574615F 
 981      63757374 
ARM GAS  C:\Users\Admin\AppData\Local\Temp\ccYl2cSx.s 			page 19


 981      6E766C00 
 982              	.LASF12:
 983 012b 63795F6D 		.ascii	"cy_meta_configecc\000"
 983      6574615F 
 983      636F6E66 
 983      69676563 
 983      6300
 984              	.LASF8:
 985 013d 756E7369 		.ascii	"unsigned int\000"
 985      676E6564 
 985      20696E74 
 985      00
 986              	.LASF7:
 987 014a 6C6F6E67 		.ascii	"long long unsigned int\000"
 987      206C6F6E 
 987      6720756E 
 987      7369676E 
 987      65642069 
 988              	.LASF10:
 989 0161 75696E74 		.ascii	"uint8_t\000"
 989      385F7400 
 990              	.LASF15:
 991 0169 63795F6D 		.ascii	"cy_meta_flashprotect\000"
 991      6574615F 
 991      666C6173 
 991      6870726F 
 991      74656374 
 992              	.LASF14:
 993 017e 63795F6D 		.ascii	"cy_meta_wonvl\000"
 993      6574615F 
 993      776F6E76 
 993      6C00
 994              	.LASF11:
 995 018c 73697A65 		.ascii	"sizetype\000"
 995      74797065 
 995      00
 996              	.LASF6:
 997 0195 6C6F6E67 		.ascii	"long long int\000"
 997      206C6F6E 
 997      6720696E 
 997      7400
 998              	.LASF2:
 999 01a3 73686F72 		.ascii	"short int\000"
 999      7420696E 
 999      7400
 1000              	.LASF4:
 1001 01ad 6C6F6E67 		.ascii	"long int\000"
 1001      20696E74 
 1001      00
 1002              	.LASF0:
 1003 01b6 7369676E 		.ascii	"signed char\000"
 1003      65642063 
 1003      68617200 
 1004              	.LASF18:
 1005 01c2 47656E65 		.ascii	"Generated_Source\\PSoC5\\cymetadata.c\000"
 1005      72617465 
 1005      645F536F 
ARM GAS  C:\Users\Admin\AppData\Local\Temp\ccYl2cSx.s 			page 20


 1005      75726365 
 1005      5C50536F 
 1006              		.ident	"GCC: (GNU Tools for ARM Embedded Processors) 5.4.1 20160609 (release) [ARM/embedded-5-bran
