ARM GAS  C:\Users\Admin\AppData\Local\Temp\ccVDL9Nh.s 			page 1


   1              		.syntax unified
   2              		.cpu cortex-m3
   3              		.fpu softvfp
   4              		.eabi_attribute 20, 1
   5              		.eabi_attribute 21, 1
   6              		.eabi_attribute 23, 3
   7              		.eabi_attribute 24, 1
   8              		.eabi_attribute 25, 1
   9              		.eabi_attribute 26, 1
  10              		.eabi_attribute 30, 1
  11              		.eabi_attribute 34, 1
  12              		.eabi_attribute 18, 4
  13              		.thumb
  14              		.syntax unified
  15              		.file	"USBFS_descr.c"
  16              		.text
  17              	.Ltext0:
  18              		.cfi_sections	.debug_frame
  19              		.global	USBFS_TABLE
  20              		.global	USBFS_DEVICE0_TABLE
  21              		.global	USBFS_DEVICE0_CONFIGURATION0_TABLE
  22              		.global	USBFS_DEVICE0_CONFIGURATION0_INTERFACE_CLASS
  23              		.global	USBFS_DEVICE0_CONFIGURATION0_EP_SETTINGS_TABLE
  24              		.global	USBFS_DEVICE0_CONFIGURATION0_DESCR
  25              		.global	USBFS_DEVICE0_DESCR
  26              		.section	.rodata
  27              		.align	2
  28              		.type	USBFS_TABLE, %object
  29              		.size	USBFS_TABLE, 8
  30              	USBFS_TABLE:
  31 0000 01       		.byte	1
  32 0001 000000   		.space	3
  33 0004 00000000 		.word	USBFS_DEVICE0_TABLE
  34              		.type	USBFS_DEVICE0_TABLE, %object
  35              		.size	USBFS_DEVICE0_TABLE, 24
  36              	USBFS_DEVICE0_TABLE:
  37 0008 01       		.byte	1
  38 0009 000000   		.space	3
  39 000c 00000000 		.word	USBFS_DEVICE0_DESCR
  40 0010 00       		.byte	0
  41 0011 000000   		.space	3
  42 0014 00000000 		.word	0
  43 0018 01       		.byte	1
  44 0019 000000   		.space	3
  45 001c 00000000 		.word	USBFS_DEVICE0_CONFIGURATION0_TABLE
  46              		.type	USBFS_DEVICE0_CONFIGURATION0_TABLE, %object
  47              		.size	USBFS_DEVICE0_CONFIGURATION0_TABLE, 32
  48              	USBFS_DEVICE0_CONFIGURATION0_TABLE:
  49 0020 01       		.byte	1
  50 0021 000000   		.space	3
  51 0024 00000000 		.word	USBFS_DEVICE0_CONFIGURATION0_DESCR
  52 0028 04       		.byte	4
  53 0029 000000   		.space	3
  54 002c 00000000 		.word	USBFS_DEVICE0_CONFIGURATION0_EP_SETTINGS_TABLE
  55 0030 00       		.byte	0
  56 0031 000000   		.space	3
  57 0034 00000000 		.word	0
ARM GAS  C:\Users\Admin\AppData\Local\Temp\ccVDL9Nh.s 			page 2


  58 0038 00       		.byte	0
  59 0039 000000   		.space	3
  60 003c 00000000 		.word	USBFS_DEVICE0_CONFIGURATION0_INTERFACE_CLASS
  61              		.type	USBFS_DEVICE0_CONFIGURATION0_INTERFACE_CLASS, %object
  62              		.size	USBFS_DEVICE0_CONFIGURATION0_INTERFACE_CLASS, 1
  63              	USBFS_DEVICE0_CONFIGURATION0_INTERFACE_CLASS:
  64 0040 00       		.space	1
  65 0041 000000   		.space	3
  66              		.type	USBFS_DEVICE0_CONFIGURATION0_EP_SETTINGS_TABLE, %object
  67              		.size	USBFS_DEVICE0_CONFIGURATION0_EP_SETTINGS_TABLE, 32
  68              	USBFS_DEVICE0_CONFIGURATION0_EP_SETTINGS_TABLE:
  69 0044 00       		.byte	0
  70 0045 00       		.byte	0
  71 0046 81       		.byte	-127
  72 0047 02       		.byte	2
  73 0048 4000     		.short	64
  74 004a 00       		.byte	0
  75 004b 00       		.space	1
  76 004c 00       		.byte	0
  77 004d 00       		.byte	0
  78 004e 82       		.byte	-126
  79 004f 02       		.byte	2
  80 0050 4000     		.short	64
  81 0052 00       		.byte	0
  82 0053 00       		.space	1
  83 0054 00       		.byte	0
  84 0055 00       		.byte	0
  85 0056 83       		.byte	-125
  86 0057 02       		.byte	2
  87 0058 0800     		.short	8
  88 005a 00       		.byte	0
  89 005b 00       		.space	1
  90 005c 00       		.byte	0
  91 005d 00       		.byte	0
  92 005e 04       		.byte	4
  93 005f 02       		.byte	2
  94 0060 0800     		.short	8
  95 0062 00       		.byte	0
  96 0063 00       		.space	1
  97              		.type	USBFS_DEVICE0_CONFIGURATION0_DESCR, %object
  98              		.size	USBFS_DEVICE0_CONFIGURATION0_DESCR, 46
  99              	USBFS_DEVICE0_CONFIGURATION0_DESCR:
 100 0064 09       		.byte	9
 101 0065 02       		.byte	2
 102 0066 2E       		.byte	46
 103 0067 00       		.byte	0
 104 0068 01       		.byte	1
 105 0069 01       		.byte	1
 106 006a 00       		.byte	0
 107 006b 80       		.byte	-128
 108 006c 19       		.byte	25
 109 006d 09       		.byte	9
 110 006e 04       		.byte	4
 111 006f 00       		.byte	0
 112 0070 00       		.byte	0
 113 0071 04       		.byte	4
 114 0072 00       		.byte	0
ARM GAS  C:\Users\Admin\AppData\Local\Temp\ccVDL9Nh.s 			page 3


 115 0073 00       		.byte	0
 116 0074 00       		.byte	0
 117 0075 00       		.byte	0
 118 0076 07       		.byte	7
 119 0077 05       		.byte	5
 120 0078 81       		.byte	-127
 121 0079 02       		.byte	2
 122 007a 40       		.byte	64
 123 007b 00       		.byte	0
 124 007c 00       		.byte	0
 125 007d 07       		.byte	7
 126 007e 05       		.byte	5
 127 007f 82       		.byte	-126
 128 0080 02       		.byte	2
 129 0081 40       		.byte	64
 130 0082 00       		.byte	0
 131 0083 00       		.byte	0
 132 0084 07       		.byte	7
 133 0085 05       		.byte	5
 134 0086 83       		.byte	-125
 135 0087 02       		.byte	2
 136 0088 08       		.byte	8
 137 0089 00       		.byte	0
 138 008a 00       		.byte	0
 139 008b 07       		.byte	7
 140 008c 05       		.byte	5
 141 008d 04       		.byte	4
 142 008e 02       		.byte	2
 143 008f 08       		.byte	8
 144 0090 00       		.byte	0
 145 0091 00       		.byte	0
 146 0092 0000     		.space	2
 147              		.type	USBFS_DEVICE0_DESCR, %object
 148              		.size	USBFS_DEVICE0_DESCR, 18
 149              	USBFS_DEVICE0_DESCR:
 150 0094 12       		.byte	18
 151 0095 01       		.byte	1
 152 0096 00       		.byte	0
 153 0097 02       		.byte	2
 154 0098 00       		.byte	0
 155 0099 00       		.byte	0
 156 009a 00       		.byte	0
 157 009b 08       		.byte	8
 158 009c B4       		.byte	-76
 159 009d 04       		.byte	4
 160 009e 51       		.byte	81
 161 009f 80       		.byte	-128
 162 00a0 00       		.byte	0
 163 00a1 00       		.byte	0
 164 00a2 00       		.byte	0
 165 00a3 00       		.byte	0
 166 00a4 00       		.byte	0
 167 00a5 01       		.byte	1
 168              		.text
 169              	.Letext0:
 170              		.file 1 "Generated_Source\\PSoC5\\cytypes.h"
 171              		.file 2 "Generated_Source\\PSoC5\\USBFS.h"
ARM GAS  C:\Users\Admin\AppData\Local\Temp\ccVDL9Nh.s 			page 4


 172              		.file 3 "Generated_Source\\PSoC5\\USBFS_descr.c"
 173              		.section	.debug_info,"",%progbits
 174              	.Ldebug_info0:
 175 0000 41020000 		.4byte	0x241
 176 0004 0400     		.2byte	0x4
 177 0006 00000000 		.4byte	.Ldebug_abbrev0
 178 000a 04       		.byte	0x4
 179 000b 01       		.uleb128 0x1
 180 000c C3000000 		.4byte	.LASF32
 181 0010 0C       		.byte	0xc
 182 0011 2E020000 		.4byte	.LASF33
 183 0015 41000000 		.4byte	.LASF34
 184 0019 00000000 		.4byte	.Ldebug_line0
 185 001d 02       		.uleb128 0x2
 186 001e 01       		.byte	0x1
 187 001f 06       		.byte	0x6
 188 0020 D6020000 		.4byte	.LASF0
 189 0024 02       		.uleb128 0x2
 190 0025 01       		.byte	0x1
 191 0026 08       		.byte	0x8
 192 0027 B5000000 		.4byte	.LASF1
 193 002b 02       		.uleb128 0x2
 194 002c 02       		.byte	0x2
 195 002d 05       		.byte	0x5
 196 002e A7020000 		.4byte	.LASF2
 197 0032 02       		.uleb128 0x2
 198 0033 02       		.byte	0x2
 199 0034 07       		.byte	0x7
 200 0035 91000000 		.4byte	.LASF3
 201 0039 02       		.uleb128 0x2
 202 003a 04       		.byte	0x4
 203 003b 05       		.byte	0x5
 204 003c C1020000 		.4byte	.LASF4
 205 0040 02       		.uleb128 0x2
 206 0041 04       		.byte	0x4
 207 0042 07       		.byte	0x7
 208 0043 F8010000 		.4byte	.LASF5
 209 0047 02       		.uleb128 0x2
 210 0048 08       		.byte	0x8
 211 0049 05       		.byte	0x5
 212 004a 7D020000 		.4byte	.LASF6
 213 004e 02       		.uleb128 0x2
 214 004f 08       		.byte	0x8
 215 0050 07       		.byte	0x7
 216 0051 17020000 		.4byte	.LASF7
 217 0055 03       		.uleb128 0x3
 218 0056 04       		.byte	0x4
 219 0057 05       		.byte	0x5
 220 0058 696E7400 		.ascii	"int\000"
 221 005c 02       		.uleb128 0x2
 222 005d 04       		.byte	0x4
 223 005e 07       		.byte	0x7
 224 005f 0A020000 		.4byte	.LASF8
 225 0063 04       		.uleb128 0x4
 226 0064 B1020000 		.4byte	.LASF9
 227 0068 01       		.byte	0x1
 228 0069 E401     		.2byte	0x1e4
ARM GAS  C:\Users\Admin\AppData\Local\Temp\ccVDL9Nh.s 			page 5


 229 006b 24000000 		.4byte	0x24
 230 006f 04       		.uleb128 0x4
 231 0070 9F010000 		.4byte	.LASF10
 232 0074 01       		.byte	0x1
 233 0075 E501     		.2byte	0x1e5
 234 0077 32000000 		.4byte	0x32
 235 007b 02       		.uleb128 0x2
 236 007c 04       		.byte	0x4
 237 007d 04       		.byte	0x4
 238 007e A4000000 		.4byte	.LASF11
 239 0082 02       		.uleb128 0x2
 240 0083 08       		.byte	0x8
 241 0084 04       		.byte	0x4
 242 0085 98010000 		.4byte	.LASF12
 243 0089 02       		.uleb128 0x2
 244 008a 01       		.byte	0x1
 245 008b 08       		.byte	0x8
 246 008c 97020000 		.4byte	.LASF13
 247 0090 02       		.uleb128 0x2
 248 0091 08       		.byte	0x8
 249 0092 04       		.byte	0x4
 250 0093 CA020000 		.4byte	.LASF14
 251 0097 02       		.uleb128 0x2
 252 0098 04       		.byte	0x4
 253 0099 07       		.byte	0x7
 254 009a 74020000 		.4byte	.LASF15
 255 009e 05       		.uleb128 0x5
 256 009f 08       		.byte	0x8
 257 00a0 02       		.byte	0x2
 258 00a1 95       		.byte	0x95
 259 00a2 EF000000 		.4byte	0xef
 260 00a6 06       		.uleb128 0x6
 261 00a7 B7020000 		.4byte	.LASF16
 262 00ab 02       		.byte	0x2
 263 00ac 97       		.byte	0x97
 264 00ad 63000000 		.4byte	0x63
 265 00b1 00       		.byte	0
 266 00b2 06       		.uleb128 0x6
 267 00b3 AA000000 		.4byte	.LASF17
 268 00b7 02       		.byte	0x2
 269 00b8 98       		.byte	0x98
 270 00b9 63000000 		.4byte	0x63
 271 00bd 01       		.byte	0x1
 272 00be 06       		.uleb128 0x6
 273 00bf 7F010000 		.4byte	.LASF18
 274 00c3 02       		.byte	0x2
 275 00c4 99       		.byte	0x99
 276 00c5 63000000 		.4byte	0x63
 277 00c9 02       		.byte	0x2
 278 00ca 06       		.uleb128 0x6
 279 00cb 51010000 		.4byte	.LASF19
 280 00cf 02       		.byte	0x2
 281 00d0 9A       		.byte	0x9a
 282 00d1 63000000 		.4byte	0x63
 283 00d5 03       		.byte	0x3
 284 00d6 06       		.uleb128 0x6
 285 00d7 9C020000 		.4byte	.LASF20
ARM GAS  C:\Users\Admin\AppData\Local\Temp\ccVDL9Nh.s 			page 6


 286 00db 02       		.byte	0x2
 287 00dc 9B       		.byte	0x9b
 288 00dd 6F000000 		.4byte	0x6f
 289 00e1 04       		.byte	0x4
 290 00e2 06       		.uleb128 0x6
 291 00e3 E2020000 		.4byte	.LASF21
 292 00e7 02       		.byte	0x2
 293 00e8 9C       		.byte	0x9c
 294 00e9 63000000 		.4byte	0x63
 295 00ed 06       		.byte	0x6
 296 00ee 00       		.byte	0
 297 00ef 07       		.uleb128 0x7
 298 00f0 5A020000 		.4byte	.LASF22
 299 00f4 02       		.byte	0x2
 300 00f5 9D       		.byte	0x9d
 301 00f6 9E000000 		.4byte	0x9e
 302 00fa 05       		.uleb128 0x5
 303 00fb 08       		.byte	0x8
 304 00fc 02       		.byte	0x2
 305 00fd AC       		.byte	0xac
 306 00fe 19010000 		.4byte	0x119
 307 0102 08       		.uleb128 0x8
 308 0103 6300     		.ascii	"c\000"
 309 0105 02       		.byte	0x2
 310 0106 AE       		.byte	0xae
 311 0107 63000000 		.4byte	0x63
 312 010b 00       		.byte	0
 313 010c 06       		.uleb128 0x6
 314 010d 53020000 		.4byte	.LASF23
 315 0111 02       		.byte	0x2
 316 0112 AF       		.byte	0xaf
 317 0113 19010000 		.4byte	0x119
 318 0117 04       		.byte	0x4
 319 0118 00       		.byte	0
 320 0119 09       		.uleb128 0x9
 321 011a 04       		.byte	0x4
 322 011b 1F010000 		.4byte	0x11f
 323 011f 0A       		.uleb128 0xa
 324 0120 07       		.uleb128 0x7
 325 0121 8B020000 		.4byte	.LASF24
 326 0125 02       		.byte	0x2
 327 0126 B0       		.byte	0xb0
 328 0127 FA000000 		.4byte	0xfa
 329 012b 0B       		.uleb128 0xb
 330 012c 3B010000 		.4byte	0x13b
 331 0130 3B010000 		.4byte	0x13b
 332 0134 0C       		.uleb128 0xc
 333 0135 97000000 		.4byte	0x97
 334 0139 11       		.byte	0x11
 335 013a 00       		.byte	0
 336 013b 0D       		.uleb128 0xd
 337 013c 63000000 		.4byte	0x63
 338 0140 0E       		.uleb128 0xe
 339 0141 00000000 		.4byte	.LASF25
 340 0145 03       		.byte	0x3
 341 0146 24       		.byte	0x24
 342 0147 51010000 		.4byte	0x151
ARM GAS  C:\Users\Admin\AppData\Local\Temp\ccVDL9Nh.s 			page 7


 343 014b 05       		.uleb128 0x5
 344 014c 03       		.byte	0x3
 345 014d 00000000 		.4byte	USBFS_DEVICE0_DESCR
 346 0151 0D       		.uleb128 0xd
 347 0152 2B010000 		.4byte	0x12b
 348 0156 0B       		.uleb128 0xb
 349 0157 3B010000 		.4byte	0x13b
 350 015b 66010000 		.4byte	0x166
 351 015f 0C       		.uleb128 0xc
 352 0160 97000000 		.4byte	0x97
 353 0164 2D       		.byte	0x2d
 354 0165 00       		.byte	0
 355 0166 0E       		.uleb128 0xe
 356 0167 D5010000 		.4byte	.LASF26
 357 016b 03       		.byte	0x3
 358 016c 37       		.byte	0x37
 359 016d 77010000 		.4byte	0x177
 360 0171 05       		.uleb128 0x5
 361 0172 03       		.byte	0x3
 362 0173 00000000 		.4byte	USBFS_DEVICE0_CONFIGURATION0_DESCR
 363 0177 0D       		.uleb128 0xd
 364 0178 56010000 		.4byte	0x156
 365 017c 0B       		.uleb128 0xb
 366 017d 8C010000 		.4byte	0x18c
 367 0181 8C010000 		.4byte	0x18c
 368 0185 0C       		.uleb128 0xc
 369 0186 97000000 		.4byte	0x97
 370 018a 03       		.byte	0x3
 371 018b 00       		.byte	0
 372 018c 0D       		.uleb128 0xd
 373 018d EF000000 		.4byte	0xef
 374 0191 0E       		.uleb128 0xe
 375 0192 A6010000 		.4byte	.LASF27
 376 0196 03       		.byte	0x3
 377 0197 7D       		.byte	0x7d
 378 0198 A2010000 		.4byte	0x1a2
 379 019c 05       		.uleb128 0x5
 380 019d 03       		.byte	0x3
 381 019e 00000000 		.4byte	USBFS_DEVICE0_CONFIGURATION0_EP_SETTINGS_TABLE
 382 01a2 0D       		.uleb128 0xd
 383 01a3 7C010000 		.4byte	0x17c
 384 01a7 0B       		.uleb128 0xb
 385 01a8 3B010000 		.4byte	0x13b
 386 01ac B7010000 		.4byte	0x1b7
 387 01b0 0C       		.uleb128 0xc
 388 01b1 97000000 		.4byte	0x97
 389 01b5 00       		.byte	0
 390 01b6 00       		.byte	0
 391 01b7 0E       		.uleb128 0xe
 392 01b8 14000000 		.4byte	.LASF28
 393 01bc 03       		.byte	0x3
 394 01bd 84       		.byte	0x84
 395 01be C8010000 		.4byte	0x1c8
 396 01c2 05       		.uleb128 0x5
 397 01c3 03       		.byte	0x3
 398 01c4 00000000 		.4byte	USBFS_DEVICE0_CONFIGURATION0_INTERFACE_CLASS
 399 01c8 0D       		.uleb128 0xd
ARM GAS  C:\Users\Admin\AppData\Local\Temp\ccVDL9Nh.s 			page 8


 400 01c9 A7010000 		.4byte	0x1a7
 401 01cd 0B       		.uleb128 0xb
 402 01ce DD010000 		.4byte	0x1dd
 403 01d2 DD010000 		.4byte	0x1dd
 404 01d6 0C       		.uleb128 0xc
 405 01d7 97000000 		.4byte	0x97
 406 01db 03       		.byte	0x3
 407 01dc 00       		.byte	0
 408 01dd 0D       		.uleb128 0xd
 409 01de 20010000 		.4byte	0x120
 410 01e2 0E       		.uleb128 0xe
 411 01e3 5C010000 		.4byte	.LASF29
 412 01e7 03       		.byte	0x3
 413 01e8 8C       		.byte	0x8c
 414 01e9 F3010000 		.4byte	0x1f3
 415 01ed 05       		.uleb128 0x5
 416 01ee 03       		.byte	0x3
 417 01ef 00000000 		.4byte	USBFS_DEVICE0_CONFIGURATION0_TABLE
 418 01f3 0D       		.uleb128 0xd
 419 01f4 CD010000 		.4byte	0x1cd
 420 01f8 0B       		.uleb128 0xb
 421 01f9 DD010000 		.4byte	0x1dd
 422 01fd 08020000 		.4byte	0x208
 423 0201 0C       		.uleb128 0xc
 424 0202 97000000 		.4byte	0x97
 425 0206 02       		.byte	0x2
 426 0207 00       		.byte	0
 427 0208 0E       		.uleb128 0xe
 428 0209 84010000 		.4byte	.LASF30
 429 020d 03       		.byte	0x3
 430 020e 96       		.byte	0x96
 431 020f 19020000 		.4byte	0x219
 432 0213 05       		.uleb128 0x5
 433 0214 03       		.byte	0x3
 434 0215 00000000 		.4byte	USBFS_DEVICE0_TABLE
 435 0219 0D       		.uleb128 0xd
 436 021a F8010000 		.4byte	0x1f8
 437 021e 0B       		.uleb128 0xb
 438 021f DD010000 		.4byte	0x1dd
 439 0223 2E020000 		.4byte	0x22e
 440 0227 0C       		.uleb128 0xc
 441 0228 97000000 		.4byte	0x97
 442 022c 00       		.byte	0
 443 022d 00       		.byte	0
 444 022e 0E       		.uleb128 0xe
 445 022f 85000000 		.4byte	.LASF31
 446 0233 03       		.byte	0x3
 447 0234 9E       		.byte	0x9e
 448 0235 3F020000 		.4byte	0x23f
 449 0239 05       		.uleb128 0x5
 450 023a 03       		.byte	0x3
 451 023b 00000000 		.4byte	USBFS_TABLE
 452 023f 0D       		.uleb128 0xd
 453 0240 1E020000 		.4byte	0x21e
 454 0244 00       		.byte	0
 455              		.section	.debug_abbrev,"",%progbits
 456              	.Ldebug_abbrev0:
ARM GAS  C:\Users\Admin\AppData\Local\Temp\ccVDL9Nh.s 			page 9


 457 0000 01       		.uleb128 0x1
 458 0001 11       		.uleb128 0x11
 459 0002 01       		.byte	0x1
 460 0003 25       		.uleb128 0x25
 461 0004 0E       		.uleb128 0xe
 462 0005 13       		.uleb128 0x13
 463 0006 0B       		.uleb128 0xb
 464 0007 03       		.uleb128 0x3
 465 0008 0E       		.uleb128 0xe
 466 0009 1B       		.uleb128 0x1b
 467 000a 0E       		.uleb128 0xe
 468 000b 10       		.uleb128 0x10
 469 000c 17       		.uleb128 0x17
 470 000d 00       		.byte	0
 471 000e 00       		.byte	0
 472 000f 02       		.uleb128 0x2
 473 0010 24       		.uleb128 0x24
 474 0011 00       		.byte	0
 475 0012 0B       		.uleb128 0xb
 476 0013 0B       		.uleb128 0xb
 477 0014 3E       		.uleb128 0x3e
 478 0015 0B       		.uleb128 0xb
 479 0016 03       		.uleb128 0x3
 480 0017 0E       		.uleb128 0xe
 481 0018 00       		.byte	0
 482 0019 00       		.byte	0
 483 001a 03       		.uleb128 0x3
 484 001b 24       		.uleb128 0x24
 485 001c 00       		.byte	0
 486 001d 0B       		.uleb128 0xb
 487 001e 0B       		.uleb128 0xb
 488 001f 3E       		.uleb128 0x3e
 489 0020 0B       		.uleb128 0xb
 490 0021 03       		.uleb128 0x3
 491 0022 08       		.uleb128 0x8
 492 0023 00       		.byte	0
 493 0024 00       		.byte	0
 494 0025 04       		.uleb128 0x4
 495 0026 16       		.uleb128 0x16
 496 0027 00       		.byte	0
 497 0028 03       		.uleb128 0x3
 498 0029 0E       		.uleb128 0xe
 499 002a 3A       		.uleb128 0x3a
 500 002b 0B       		.uleb128 0xb
 501 002c 3B       		.uleb128 0x3b
 502 002d 05       		.uleb128 0x5
 503 002e 49       		.uleb128 0x49
 504 002f 13       		.uleb128 0x13
 505 0030 00       		.byte	0
 506 0031 00       		.byte	0
 507 0032 05       		.uleb128 0x5
 508 0033 13       		.uleb128 0x13
 509 0034 01       		.byte	0x1
 510 0035 0B       		.uleb128 0xb
 511 0036 0B       		.uleb128 0xb
 512 0037 3A       		.uleb128 0x3a
 513 0038 0B       		.uleb128 0xb
ARM GAS  C:\Users\Admin\AppData\Local\Temp\ccVDL9Nh.s 			page 10


 514 0039 3B       		.uleb128 0x3b
 515 003a 0B       		.uleb128 0xb
 516 003b 01       		.uleb128 0x1
 517 003c 13       		.uleb128 0x13
 518 003d 00       		.byte	0
 519 003e 00       		.byte	0
 520 003f 06       		.uleb128 0x6
 521 0040 0D       		.uleb128 0xd
 522 0041 00       		.byte	0
 523 0042 03       		.uleb128 0x3
 524 0043 0E       		.uleb128 0xe
 525 0044 3A       		.uleb128 0x3a
 526 0045 0B       		.uleb128 0xb
 527 0046 3B       		.uleb128 0x3b
 528 0047 0B       		.uleb128 0xb
 529 0048 49       		.uleb128 0x49
 530 0049 13       		.uleb128 0x13
 531 004a 38       		.uleb128 0x38
 532 004b 0B       		.uleb128 0xb
 533 004c 00       		.byte	0
 534 004d 00       		.byte	0
 535 004e 07       		.uleb128 0x7
 536 004f 16       		.uleb128 0x16
 537 0050 00       		.byte	0
 538 0051 03       		.uleb128 0x3
 539 0052 0E       		.uleb128 0xe
 540 0053 3A       		.uleb128 0x3a
 541 0054 0B       		.uleb128 0xb
 542 0055 3B       		.uleb128 0x3b
 543 0056 0B       		.uleb128 0xb
 544 0057 49       		.uleb128 0x49
 545 0058 13       		.uleb128 0x13
 546 0059 00       		.byte	0
 547 005a 00       		.byte	0
 548 005b 08       		.uleb128 0x8
 549 005c 0D       		.uleb128 0xd
 550 005d 00       		.byte	0
 551 005e 03       		.uleb128 0x3
 552 005f 08       		.uleb128 0x8
 553 0060 3A       		.uleb128 0x3a
 554 0061 0B       		.uleb128 0xb
 555 0062 3B       		.uleb128 0x3b
 556 0063 0B       		.uleb128 0xb
 557 0064 49       		.uleb128 0x49
 558 0065 13       		.uleb128 0x13
 559 0066 38       		.uleb128 0x38
 560 0067 0B       		.uleb128 0xb
 561 0068 00       		.byte	0
 562 0069 00       		.byte	0
 563 006a 09       		.uleb128 0x9
 564 006b 0F       		.uleb128 0xf
 565 006c 00       		.byte	0
 566 006d 0B       		.uleb128 0xb
 567 006e 0B       		.uleb128 0xb
 568 006f 49       		.uleb128 0x49
 569 0070 13       		.uleb128 0x13
 570 0071 00       		.byte	0
ARM GAS  C:\Users\Admin\AppData\Local\Temp\ccVDL9Nh.s 			page 11


 571 0072 00       		.byte	0
 572 0073 0A       		.uleb128 0xa
 573 0074 26       		.uleb128 0x26
 574 0075 00       		.byte	0
 575 0076 00       		.byte	0
 576 0077 00       		.byte	0
 577 0078 0B       		.uleb128 0xb
 578 0079 01       		.uleb128 0x1
 579 007a 01       		.byte	0x1
 580 007b 49       		.uleb128 0x49
 581 007c 13       		.uleb128 0x13
 582 007d 01       		.uleb128 0x1
 583 007e 13       		.uleb128 0x13
 584 007f 00       		.byte	0
 585 0080 00       		.byte	0
 586 0081 0C       		.uleb128 0xc
 587 0082 21       		.uleb128 0x21
 588 0083 00       		.byte	0
 589 0084 49       		.uleb128 0x49
 590 0085 13       		.uleb128 0x13
 591 0086 2F       		.uleb128 0x2f
 592 0087 0B       		.uleb128 0xb
 593 0088 00       		.byte	0
 594 0089 00       		.byte	0
 595 008a 0D       		.uleb128 0xd
 596 008b 26       		.uleb128 0x26
 597 008c 00       		.byte	0
 598 008d 49       		.uleb128 0x49
 599 008e 13       		.uleb128 0x13
 600 008f 00       		.byte	0
 601 0090 00       		.byte	0
 602 0091 0E       		.uleb128 0xe
 603 0092 34       		.uleb128 0x34
 604 0093 00       		.byte	0
 605 0094 03       		.uleb128 0x3
 606 0095 0E       		.uleb128 0xe
 607 0096 3A       		.uleb128 0x3a
 608 0097 0B       		.uleb128 0xb
 609 0098 3B       		.uleb128 0x3b
 610 0099 0B       		.uleb128 0xb
 611 009a 49       		.uleb128 0x49
 612 009b 13       		.uleb128 0x13
 613 009c 3F       		.uleb128 0x3f
 614 009d 19       		.uleb128 0x19
 615 009e 02       		.uleb128 0x2
 616 009f 18       		.uleb128 0x18
 617 00a0 00       		.byte	0
 618 00a1 00       		.byte	0
 619 00a2 00       		.byte	0
 620              		.section	.debug_aranges,"",%progbits
 621 0000 14000000 		.4byte	0x14
 622 0004 0200     		.2byte	0x2
 623 0006 00000000 		.4byte	.Ldebug_info0
 624 000a 04       		.byte	0x4
 625 000b 00       		.byte	0
 626 000c 0000     		.2byte	0
 627 000e 0000     		.2byte	0
ARM GAS  C:\Users\Admin\AppData\Local\Temp\ccVDL9Nh.s 			page 12


 628 0010 00000000 		.4byte	0
 629 0014 00000000 		.4byte	0
 630              		.section	.debug_line,"",%progbits
 631              	.Ldebug_line0:
 632 0000 59000000 		.section	.debug_str,"MS",%progbits,1
 632      02005300 
 632      00000201 
 632      FB0E0D00 
 632      01010101 
 633              	.LASF25:
 634 0000 55534246 		.ascii	"USBFS_DEVICE0_DESCR\000"
 634      535F4445 
 634      56494345 
 634      305F4445 
 634      53435200 
 635              	.LASF28:
 636 0014 55534246 		.ascii	"USBFS_DEVICE0_CONFIGURATION0_INTERFACE_CLASS\000"
 636      535F4445 
 636      56494345 
 636      305F434F 
 636      4E464947 
 637              	.LASF34:
 638 0041 433A5C55 		.ascii	"C:\\Users\\Admin\\Desktop\\lab-project\\Final-Proje"
 638      73657273 
 638      5C41646D 
 638      696E5C44 
 638      65736B74 
 639 006f 63745C4F 		.ascii	"ct\\Oscilloscope.cydsn\000"
 639      7363696C 
 639      6C6F7363 
 639      6F70652E 
 639      63796473 
 640              	.LASF31:
 641 0085 55534246 		.ascii	"USBFS_TABLE\000"
 641      535F5441 
 641      424C4500 
 642              	.LASF3:
 643 0091 73686F72 		.ascii	"short unsigned int\000"
 643      7420756E 
 643      7369676E 
 643      65642069 
 643      6E7400
 644              	.LASF11:
 645 00a4 666C6F61 		.ascii	"float\000"
 645      7400
 646              	.LASF17:
 647 00aa 616C7453 		.ascii	"altSetting\000"
 647      65747469 
 647      6E6700
 648              	.LASF1:
 649 00b5 756E7369 		.ascii	"unsigned char\000"
 649      676E6564 
 649      20636861 
 649      7200
 650              	.LASF32:
 651 00c3 474E5520 		.ascii	"GNU C11 5.4.1 20160609 (release) [ARM/embedded-5-br"
 651      43313120 
ARM GAS  C:\Users\Admin\AppData\Local\Temp\ccVDL9Nh.s 			page 13


 651      352E342E 
 651      31203230 
 651      31363036 
 652 00f6 616E6368 		.ascii	"anch revision 237715] -mcpu=cortex-m3 -mthumb -g -O"
 652      20726576 
 652      6973696F 
 652      6E203233 
 652      37373135 
 653 0129 67202D66 		.ascii	"g -ffunction-sections -ffat-lto-objects\000"
 653      66756E63 
 653      74696F6E 
 653      2D736563 
 653      74696F6E 
 654              	.LASF19:
 655 0151 61747472 		.ascii	"attributes\000"
 655      69627574 
 655      657300
 656              	.LASF29:
 657 015c 55534246 		.ascii	"USBFS_DEVICE0_CONFIGURATION0_TABLE\000"
 657      535F4445 
 657      56494345 
 657      305F434F 
 657      4E464947 
 658              	.LASF18:
 659 017f 61646472 		.ascii	"addr\000"
 659      00
 660              	.LASF30:
 661 0184 55534246 		.ascii	"USBFS_DEVICE0_TABLE\000"
 661      535F4445 
 661      56494345 
 661      305F5441 
 661      424C4500 
 662              	.LASF12:
 663 0198 646F7562 		.ascii	"double\000"
 663      6C6500
 664              	.LASF10:
 665 019f 75696E74 		.ascii	"uint16\000"
 665      313600
 666              	.LASF27:
 667 01a6 55534246 		.ascii	"USBFS_DEVICE0_CONFIGURATION0_EP_SETTINGS_TABLE\000"
 667      535F4445 
 667      56494345 
 667      305F434F 
 667      4E464947 
 668              	.LASF26:
 669 01d5 55534246 		.ascii	"USBFS_DEVICE0_CONFIGURATION0_DESCR\000"
 669      535F4445 
 669      56494345 
 669      305F434F 
 669      4E464947 
 670              	.LASF5:
 671 01f8 6C6F6E67 		.ascii	"long unsigned int\000"
 671      20756E73 
 671      69676E65 
 671      6420696E 
 671      7400
 672              	.LASF8:
ARM GAS  C:\Users\Admin\AppData\Local\Temp\ccVDL9Nh.s 			page 14


 673 020a 756E7369 		.ascii	"unsigned int\000"
 673      676E6564 
 673      20696E74 
 673      00
 674              	.LASF7:
 675 0217 6C6F6E67 		.ascii	"long long unsigned int\000"
 675      206C6F6E 
 675      6720756E 
 675      7369676E 
 675      65642069 
 676              	.LASF33:
 677 022e 47656E65 		.ascii	"Generated_Source\\PSoC5\\USBFS_descr.c\000"
 677      72617465 
 677      645F536F 
 677      75726365 
 677      5C50536F 
 678              	.LASF23:
 679 0253 705F6C69 		.ascii	"p_list\000"
 679      737400
 680              	.LASF22:
 681 025a 545F5553 		.ascii	"T_USBFS_EP_SETTINGS_BLOCK\000"
 681      4246535F 
 681      45505F53 
 681      45545449 
 681      4E47535F 
 682              	.LASF15:
 683 0274 73697A65 		.ascii	"sizetype\000"
 683      74797065 
 683      00
 684              	.LASF6:
 685 027d 6C6F6E67 		.ascii	"long long int\000"
 685      206C6F6E 
 685      6720696E 
 685      7400
 686              	.LASF24:
 687 028b 545F5553 		.ascii	"T_USBFS_LUT\000"
 687      4246535F 
 687      4C555400 
 688              	.LASF13:
 689 0297 63686172 		.ascii	"char\000"
 689      00
 690              	.LASF20:
 691 029c 62756666 		.ascii	"bufferSize\000"
 691      65725369 
 691      7A6500
 692              	.LASF2:
 693 02a7 73686F72 		.ascii	"short int\000"
 693      7420696E 
 693      7400
 694              	.LASF9:
 695 02b1 75696E74 		.ascii	"uint8\000"
 695      3800
 696              	.LASF16:
 697 02b7 696E7465 		.ascii	"interface\000"
 697      72666163 
 697      6500
 698              	.LASF4:
ARM GAS  C:\Users\Admin\AppData\Local\Temp\ccVDL9Nh.s 			page 15


 699 02c1 6C6F6E67 		.ascii	"long int\000"
 699      20696E74 
 699      00
 700              	.LASF14:
 701 02ca 6C6F6E67 		.ascii	"long double\000"
 701      20646F75 
 701      626C6500 
 702              	.LASF0:
 703 02d6 7369676E 		.ascii	"signed char\000"
 703      65642063 
 703      68617200 
 704              	.LASF21:
 705 02e2 624D6973 		.ascii	"bMisc\000"
 705      6300
 706              		.ident	"GCC: (GNU Tools for ARM Embedded Processors) 5.4.1 20160609 (release) [ARM/embedded-5-bran
